#
# A fatal error has been detected by the Java Runtime Environment:
#
#  SIGBUS (0x7) at pc=0x00007fe2d44b168a, pid=29515, tid=0x00007fe2acffe700
#
# JRE version: Java(TM) SE Runtime Environment (8.0_181-b13) (build 1.8.0_181-b13)
# Java VM: Java HotSpot(TM) 64-Bit Server VM (25.181-b13 mixed mode linux-amd64 compressed oops)
# Problematic frame:
# C  [libc.so.6+0xbb68a]
#
# Failed to write core dump. Core dumps have been disabled. To enable core dumping, try "ulimit -c unlimited" before starting Java again
#
# If you would like to submit a bug report, please visit:
#   http://bugreport.java.com/bugreport/crash.jsp
# The crash happened outside the Java Virtual Machine in native code.
# See problematic frame for where to report the bug.
#

---------------  T H R E A D  ---------------

Current thread (0x00007fe2ccd18800):  JavaThread "container-3" [_thread_in_native, id=29553, stack(0x00007fe2acefe000,0x00007fe2acfff000)]

siginfo: si_signo: 7 (SIGBUS), si_code: 2 (BUS_ADRERR), si_addr: 0x00007fe2d5043000

Registers:
RAX=0x00007fe25c011d80, RBX=0x0000000000002e65, RCX=0x00007fe25c014bd5, RDX=0x0000000000002215
RSP=0x00007fe2acff9e98, RBP=0x00007fe2acff9ef0, RSI=0x00007fe2d5042fc8, RDI=0x00007fe25c0129d0
R8 =0xfffffffffffffff0, R9 =0x0000000000000000, R10=0x00007fe25c0008d0, R11=0x00007fe25c011d80
R12=0x00007fe2d5034a69, R13=0x00007fe2440b4270, R14=0x0000000000006372, R15=0x00007fe2cc0f5630
RIP=0x00007fe2d44b168a, EFLAGS=0x0000000000010202, CSGSFS=0x002b000000000033, ERR=0x0000000000000004
  TRAPNO=0x000000000000000e

Top of Stack: (sp=0x00007fe2acff9e98)
0x00007fe2acff9e98:   00007fe2d11bb72e 00007fe2acff9f00
0x00007fe2acff9ea8:   2e6572e200000000 000000000000756f
0x00007fe2acff9eb8:   000000000a031402 00007fe2440b4270
0x00007fe2acff9ec8:   00007fe2cc101a70 00007fe2600070c0
0x00007fe2acff9ed8:   00007fe2cc0f5630 000000000d3bd452
0x00007fe2acff9ee8:   0000000000000032 00007fe2acff9f50
0x00007fe2acff9ef8:   00007fe2d11bbc3f 00007fe2ccd18800
0x00007fe2acff9f08:   01007fe25c001850 00007fe2acff9f70
0x00007fe2acff9f18:   00007fe2acff9fa3 00007fe2acff9fa1
0x00007fe2acff9f28:   00007fe2acff9f70 0000000000000032
0x00007fe2acff9f38:   00007fe2ccd189f8 00007fe2acffa3c8
0x00007fe2acff9f48:   0000000000000001 00007fe2acffa3b0
0x00007fe2acff9f58:   00007fe2d11ace90 00007fe2ccd18f28
0x00007fe2acff9f68:   00007fe2cc0f5630 616c78662f6d6f63
0x00007fe2acff9f78:   642f7478662f7362 656a6f72702f6f74
0x00007fe2acff9f88:   53747365542f7463 6574614365746975
0x00007fe2acff9f98:   616c632e79726f67 00007fe2b7007373
0x00007fe2acff9fa8:   00007fe2ccd18800 00007fe2b58302b0
0x00007fe2acff9fb8:   0000000032b4c338 00007fe2acc30eb0
0x00007fe2acff9fc8:   00007fe2d3bf7a5e 00007fe2b7804470
0x00007fe2acff9fd8:   00007fe2ccd18800 00007fe2b509cc48
0x00007fe2acff9fe8:   00007fe2acc313d0 00007fe2b7804470
0x00007fe2acff9ff8:   00007fe2ccd18800 00007fe2acffa030
0x00007fe2acffa008:   00007fe2cc82b9b0 00000007733bf6b8
0x00007fe2acffa018:   00007fe2b7804470 00007fe2ccd18dc0
0x00007fe2acffa028:   00007fe2ccd18800 00007fe2acffa1c0
0x00007fe2acffa038:   00007fe2d3acf2af 00007fe2acc3c6c0
0x00007fe2acffa048:   00007fe2acc49be8 00007fe2acffa0a0
0x00007fe2acffa058:   00007fe2acffa120 00007fe2acffa1f0
0x00007fe2acffa068:   00007fe2acffa270 00007fe2ccd189f8
0x00007fe2acffa078:   00007fe2d3aee3e0 00007fe278510840
0x00007fe2acffa088:   00007fe278510850 00007fe278510c28 

Instructions: (pc=0x00007fe2d44b168a)
0x00007fe2d44b166a:   29 c6 4c 29 c7 4c 01 c2 48 3b 15 ff 4f 33 00 0f
0x00007fe2d44b167a:   87 cc 00 00 00 0f 10 06 0f 10 4e 10 0f 10 56 20
0x00007fe2d44b168a:   0f 10 5e 30 48 83 c6 40 48 83 ea 40 0f 29 07 0f
0x00007fe2d44b169a:   29 4f 10 0f 29 57 20 0f 29 5f 30 48 83 c7 40 48 

Register to memory mapping:

RAX=0x00007fe25c011d80 is an unknown value
RBX=0x0000000000002e65 is an unknown value
RCX=0x00007fe25c014bd5 is an unknown value
RDX=0x0000000000002215 is an unknown value
RSP=0x00007fe2acff9e98 is pointing into the stack for thread: 0x00007fe2ccd18800
RBP=0x00007fe2acff9ef0 is pointing into the stack for thread: 0x00007fe2ccd18800
RSI=0x00007fe2d5042fc8 is an unknown value
RDI=0x00007fe25c0129d0 is an unknown value
R8 =0xfffffffffffffff0 is an unknown value
R9 =0x0000000000000000 is an unknown value
R10=0x00007fe25c0008d0 is an unknown value
R11=0x00007fe25c011d80 is an unknown value
R12=0x00007fe2d5034a69 is an unknown value
R13=0x00007fe2440b4270 is an unknown value
R14=0x0000000000006372 is an unknown value
R15=0x00007fe2cc0f5630 is an unknown value


Stack: [0x00007fe2acefe000,0x00007fe2acfff000],  sp=0x00007fe2acff9e98,  free space=1007k
Native frames: (J=compiled Java code, j=interpreted, Vv=VM code, C=native code)
C  [libc.so.6+0xbb68a]
C  [libzip.so+0x12c3f]  ZIP_GetEntry2+0xff
C  [libzip.so+0x3e90]  Java_java_util_zip_ZipFile_getEntry+0xf0
J 97  java.util.zip.ZipFile.getEntry(J[BZ)J (0 bytes) @ 0x00007fe2bd13864e [0x00007fe2bd138580+0xce]
J 3673 C2 java.util.jar.JarFile.getEntry(Ljava/lang/String;)Ljava/util/zip/ZipEntry; (22 bytes) @ 0x00007fe2bd3583f4 [0x00007fe2bd358020+0x3d4]
J 2803 C2 sun.misc.URLClassPath$JarLoader.getResource(Ljava/lang/String;Z)Lsun/misc/Resource; (85 bytes) @ 0x00007fe2bd9a38c0 [0x00007fe2bd9a3840+0x80]
J 664 C2 sun.misc.URLClassPath.getResource(Ljava/lang/String;Z)Lsun/misc/Resource; (83 bytes) @ 0x00007fe2bd2d0e78 [0x00007fe2bd2d0cc0+0x1b8]
J 3584 C2 java.net.URLClassLoader$1.run()Ljava/lang/Object; (5 bytes) @ 0x00007fe2bdbeb4e0 [0x00007fe2bdbeaee0+0x600]
v  ~StubRoutines::call_stub
V  [libjvm.so+0x697a76]  JavaCalls::call_helper(JavaValue*, methodHandle*, JavaCallArguments*, Thread*)+0x1056
V  [libjvm.so+0x73107c]  JVM_DoPrivileged+0x27c
J 183  java.security.AccessController.doPrivileged(Ljava/security/PrivilegedExceptionAction;Ljava/security/AccessControlContext;)Ljava/lang/Object; (0 bytes) @ 0x00007fe2bd16f0d5 [0x00007fe2bd16f000+0xd5]
J 1623 C2 java.lang.ClassLoader.loadClass(Ljava/lang/String;Z)Ljava/lang/Class; (122 bytes) @ 0x00007fe2bd5bad2c [0x00007fe2bd5ba0e0+0xc4c]
J 3802 C2 java.lang.ClassLoader.loadClass(Ljava/lang/String;)Ljava/lang/Class; (7 bytes) @ 0x00007fe2bd42f160 [0x00007fe2bd42efa0+0x1c0]
v  ~StubRoutines::call_stub
V  [libjvm.so+0x697a76]  JavaCalls::call_helper(JavaValue*, methodHandle*, JavaCallArguments*, Thread*)+0x1056
V  [libjvm.so+0x697f81]  JavaCalls::call_virtual(JavaValue*, KlassHandle, Symbol*, Symbol*, JavaCallArguments*, Thread*)+0x321
V  [libjvm.so+0x6983d6]  JavaCalls::call_virtual(JavaValue*, Handle, KlassHandle, Symbol*, Symbol*, Handle, Thread*)+0x56
V  [libjvm.so+0xa47760]  SystemDictionary::load_instance_class(Symbol*, Handle, Thread*)+0x3f0
V  [libjvm.so+0xa466ac]  SystemDictionary::resolve_instance_class_or_null(Symbol*, Handle, Handle, Thread*)+0x78c
V  [libjvm.so+0xa47b83]  SystemDictionary::resolve_or_fail(Symbol*, Handle, Handle, bool, Thread*)+0x33
V  [libjvm.so+0x4f92e8]  ConstantPool::klass_at_impl(constantPoolHandle, int, Thread*)+0x158
V  [libjvm.so+0x4fe990]  ConstantPool::klass_ref_at(int, Thread*)+0xa0
V  [libjvm.so+0x7fa7f1]  LinkResolver::resolve_pool(KlassHandle&, Symbol*&, Symbol*&, KlassHandle&, constantPoolHandle, int, Thread*)+0x71
V  [libjvm.so+0x803175]  LinkResolver::resolve_invokestatic(CallInfo&, constantPoolHandle, int, Thread*)+0xa5
V  [libjvm.so+0x8043d1]  LinkResolver::resolve_invoke(CallInfo&, Handle, constantPoolHandle, int, Bytecodes::Code, Thread*)+0x501
V  [libjvm.so+0x6907a9]  InterpreterRuntime::resolve_invoke(JavaThread*, Bytecodes::Code)+0x1b9
j  com.fxlabs.fxt.bot.processor.RestProcessor.run(Lcom/fxlabs/fxt/dto/run/BotTask;)Lcom/fxlabs/fxt/dto/run/BotTask;+138
j  com.fxlabs.fxt.bot.processor.RestProcessor.process(Lcom/fxlabs/fxt/dto/run/BotTask;)V+261
j  com.fxlabs.fxt.bot.amqp.Receiver.receiveMessage(Lcom/fxlabs/fxt/dto/run/BotTask;)V+24
v  ~StubRoutines::call_stub
V  [libjvm.so+0x697a76]  JavaCalls::call_helper(JavaValue*, methodHandle*, JavaCallArguments*, Thread*)+0x1056
V  [libjvm.so+0x9a6737]  Reflection::invoke(instanceKlassHandle, methodHandle, Handle, bool, objArrayHandle, BasicType, objArrayHandle, bool, Thread*)+0x5d7
V  [libjvm.so+0x9a9e47]  Reflection::invoke_method(oopDesc*, Handle, objArrayHandle, Thread*)+0x147
V  [libjvm.so+0x729c7b]  JVM_InvokeMethod+0x26b
J 1729  sun.reflect.NativeMethodAccessorImpl.invoke0(Ljava/lang/reflect/Method;Ljava/lang/Object;[Ljava/lang/Object;)Ljava/lang/Object; (0 bytes) @ 0x00007fe2bd5d512d [0x00007fe2bd5d5040+0xed]
J 1728 C1 sun.reflect.NativeMethodAccessorImpl.invoke(Ljava/lang/Object;[Ljava/lang/Object;)Ljava/lang/Object; (104 bytes) @ 0x00007fe2bd5d3e4c [0x00007fe2bd5d2c40+0x120c]
J 5373 C2 java.lang.reflect.Method.invoke(Ljava/lang/Object;[Ljava/lang/Object;)Ljava/lang/Object; (62 bytes) @ 0x00007fe2bd3126fc [0x00007fe2bd312640+0xbc]
j  org.springframework.util.MethodInvoker.invoke()Ljava/lang/Object;+44
j  org.springframework.amqp.rabbit.listener.adapter.MessageListenerAdapter.invokeListenerMethod(Ljava/lang/String;[Ljava/lang/Object;Lorg/springframework/amqp/core/Message;)Ljava/lang/Object;+37
j  org.springframework.amqp.rabbit.listener.adapter.MessageListenerAdapter.onMessage(Lorg/springframework/amqp/core/Message;Lcom/rabbitmq/client/Channel;)V+113
j  org.springframework.amqp.rabbit.listener.AbstractMessageListenerContainer.doInvokeListener(Lorg/springframework/amqp/rabbit/core/ChannelAwareMessageListener;Lcom/rabbitmq/client/Channel;Lorg/springframework/amqp/core/Message;)V+104
j  org.springframework.amqp.rabbit.listener.AbstractMessageListenerContainer.actualInvokeListener(Lcom/rabbitmq/client/Channel;Lorg/springframework/amqp/core/Message;)V+19
j  org.springframework.amqp.rabbit.listener.AbstractMessageListenerContainer$$Lambda$204.invokeListener(Lcom/rabbitmq/client/Channel;Lorg/springframework/amqp/core/Message;)V+6
j  org.springframework.amqp.rabbit.listener.AbstractMessageListenerContainer.invokeListener(Lcom/rabbitmq/client/Channel;Lorg/springframework/amqp/core/Message;)V+6
j  org.springframework.amqp.rabbit.listener.AbstractMessageListenerContainer.executeListener(Lcom/rabbitmq/client/Channel;Lorg/springframework/amqp/core/Message;)V+306
J 4842 C2 org.springframework.amqp.rabbit.listener.SimpleMessageListenerContainer.receiveAndExecute(Lorg/springframework/amqp/rabbit/listener/BlockingQueueConsumer;)Z (66 bytes) @ 0x00007fe2bde60234 [0x00007fe2bde5f4a0+0xd94]
J 5184% C2 org.springframework.amqp.rabbit.listener.SimpleMessageListenerContainer$AsyncMessageProcessingConsumer.run()V (1626 bytes) @ 0x00007fe2bdf8aee4 [0x00007fe2bdf8ab80+0x364]
j  java.lang.Thread.run()V+11
v  ~StubRoutines::call_stub
V  [libjvm.so+0x697a76]  JavaCalls::call_helper(JavaValue*, methodHandle*, JavaCallArguments*, Thread*)+0x1056
V  [libjvm.so+0x697f81]  JavaCalls::call_virtual(JavaValue*, KlassHandle, Symbol*, Symbol*, JavaCallArguments*, Thread*)+0x321
V  [libjvm.so+0x698427]  JavaCalls::call_virtual(JavaValue*, Handle, KlassHandle, Symbol*, Symbol*, Thread*)+0x47
V  [libjvm.so+0x71789e]  thread_entry(JavaThread*, Thread*)+0x7e
V  [libjvm.so+0xa813f3]  JavaThread::thread_main_inner()+0x103
V  [libjvm.so+0xa8153c]  JavaThread::run()+0x11c
V  [libjvm.so+0x930198]  java_start(Thread*)+0x108
C  [libpthread.so.0+0x76db]  start_thread+0xdb

Java frames: (J=compiled Java code, j=interpreted, Vv=VM code)
J 97  java.util.zip.ZipFile.getEntry(J[BZ)J (0 bytes) @ 0x00007fe2bd1385d8 [0x00007fe2bd138580+0x58]
J 3673 C2 java.util.jar.JarFile.getEntry(Ljava/lang/String;)Ljava/util/zip/ZipEntry; (22 bytes) @ 0x00007fe2bd3583f4 [0x00007fe2bd358020+0x3d4]
J 2803 C2 sun.misc.URLClassPath$JarLoader.getResource(Ljava/lang/String;Z)Lsun/misc/Resource; (85 bytes) @ 0x00007fe2bd9a38c0 [0x00007fe2bd9a3840+0x80]
J 664 C2 sun.misc.URLClassPath.getResource(Ljava/lang/String;Z)Lsun/misc/Resource; (83 bytes) @ 0x00007fe2bd2d0e78 [0x00007fe2bd2d0cc0+0x1b8]
J 3584 C2 java.net.URLClassLoader$1.run()Ljava/lang/Object; (5 bytes) @ 0x00007fe2bdbeb4e0 [0x00007fe2bdbeaee0+0x600]
v  ~StubRoutines::call_stub
J 183  java.security.AccessController.doPrivileged(Ljava/security/PrivilegedExceptionAction;Ljava/security/AccessControlContext;)Ljava/lang/Object; (0 bytes) @ 0x00007fe2bd16f063 [0x00007fe2bd16f000+0x63]
J 1623 C2 java.lang.ClassLoader.loadClass(Ljava/lang/String;Z)Ljava/lang/Class; (122 bytes) @ 0x00007fe2bd5bad2c [0x00007fe2bd5ba0e0+0xc4c]
J 3802 C2 java.lang.ClassLoader.loadClass(Ljava/lang/String;)Ljava/lang/Class; (7 bytes) @ 0x00007fe2bd42f160 [0x00007fe2bd42efa0+0x1c0]
v  ~StubRoutines::call_stub
j  com.fxlabs.fxt.bot.processor.RestProcessor.run(Lcom/fxlabs/fxt/dto/run/BotTask;)Lcom/fxlabs/fxt/dto/run/BotTask;+138
j  com.fxlabs.fxt.bot.processor.RestProcessor.process(Lcom/fxlabs/fxt/dto/run/BotTask;)V+261
j  com.fxlabs.fxt.bot.amqp.Receiver.receiveMessage(Lcom/fxlabs/fxt/dto/run/BotTask;)V+24
v  ~StubRoutines::call_stub
J 1729  sun.reflect.NativeMethodAccessorImpl.invoke0(Ljava/lang/reflect/Method;Ljava/lang/Object;[Ljava/lang/Object;)Ljava/lang/Object; (0 bytes) @ 0x00007fe2bd5d50b7 [0x00007fe2bd5d5040+0x77]
J 1728 C1 sun.reflect.NativeMethodAccessorImpl.invoke(Ljava/lang/Object;[Ljava/lang/Object;)Ljava/lang/Object; (104 bytes) @ 0x00007fe2bd5d3e4c [0x00007fe2bd5d2c40+0x120c]
J 5373 C2 java.lang.reflect.Method.invoke(Ljava/lang/Object;[Ljava/lang/Object;)Ljava/lang/Object; (62 bytes) @ 0x00007fe2bd3126fc [0x00007fe2bd312640+0xbc]
j  org.springframework.util.MethodInvoker.invoke()Ljava/lang/Object;+44
j  org.springframework.amqp.rabbit.listener.adapter.MessageListenerAdapter.invokeListenerMethod(Ljava/lang/String;[Ljava/lang/Object;Lorg/springframework/amqp/core/Message;)Ljava/lang/Object;+37
j  org.springframework.amqp.rabbit.listener.adapter.MessageListenerAdapter.onMessage(Lorg/springframework/amqp/core/Message;Lcom/rabbitmq/client/Channel;)V+113
j  org.springframework.amqp.rabbit.listener.AbstractMessageListenerContainer.doInvokeListener(Lorg/springframework/amqp/rabbit/core/ChannelAwareMessageListener;Lcom/rabbitmq/client/Channel;Lorg/springframework/amqp/core/Message;)V+104
j  org.springframework.amqp.rabbit.listener.AbstractMessageListenerContainer.actualInvokeListener(Lcom/rabbitmq/client/Channel;Lorg/springframework/amqp/core/Message;)V+19
j  org.springframework.amqp.rabbit.listener.AbstractMessageListenerContainer$$Lambda$204.invokeListener(Lcom/rabbitmq/client/Channel;Lorg/springframework/amqp/core/Message;)V+6
j  org.springframework.amqp.rabbit.listener.AbstractMessageListenerContainer.invokeListener(Lcom/rabbitmq/client/Channel;Lorg/springframework/amqp/core/Message;)V+6
j  org.springframework.amqp.rabbit.listener.AbstractMessageListenerContainer.executeListener(Lcom/rabbitmq/client/Channel;Lorg/springframework/amqp/core/Message;)V+306
J 4842 C2 org.springframework.amqp.rabbit.listener.SimpleMessageListenerContainer.receiveAndExecute(Lorg/springframework/amqp/rabbit/listener/BlockingQueueConsumer;)Z (66 bytes) @ 0x00007fe2bde60234 [0x00007fe2bde5f4a0+0xd94]
J 5184% C2 org.springframework.amqp.rabbit.listener.SimpleMessageListenerContainer$AsyncMessageProcessingConsumer.run()V (1626 bytes) @ 0x00007fe2bdf8aee4 [0x00007fe2bdf8ab80+0x364]
j  java.lang.Thread.run()V+11
v  ~StubRoutines::call_stub

---------------  P R O C E S S  ---------------

Java Threads: ( => current thread )
  0x00007fe26005e800 JavaThread "rabbitTemplate#0-consumerMonitor-1" [_thread_blocked, id=31115, stack(0x00007fe2338fb000,0x00007fe2339fc000)]
  0x00007fe2cc012000 JavaThread "DestroyJavaVM" [_thread_blocked, id=29518, stack(0x00007fe2d4f28000,0x00007fe2d5028000)]
  0x00007fe2ccd2b000 JavaThread "pool-3-thread-1" [_thread_blocked, id=29574, stack(0x00007fe233bfc000,0x00007fe233cfd000)]
  0x00007fe23c08b800 JavaThread "pool-1-thread-10" [_thread_blocked, id=29573, stack(0x00007fe233cfd000,0x00007fe233dfe000)]
  0x00007fe23c089000 JavaThread "pool-1-thread-9" [_thread_blocked, id=29572, stack(0x00007fe233dfe000,0x00007fe233eff000)]
  0x00007fe23c087800 JavaThread "pool-1-thread-8" [_thread_blocked, id=29571, stack(0x00007fe233eff000,0x00007fe234000000)]
  0x00007fe23c085800 JavaThread "pool-1-thread-7" [_thread_blocked, id=29570, stack(0x00007fe2980ec000,0x00007fe2981ed000)]
  0x00007fe23c083800 JavaThread "pool-1-thread-6" [_thread_blocked, id=29569, stack(0x00007fe2981ed000,0x00007fe2982ee000)]
  0x00007fe23c081800 JavaThread "pool-1-thread-5" [_thread_blocked, id=29568, stack(0x00007fe2982ee000,0x00007fe2983ef000)]
  0x00007fe23c07f800 JavaThread "pool-1-thread-4" [_thread_blocked, id=29567, stack(0x00007fe2983ef000,0x00007fe2984f0000)]
  0x00007fe23c07f000 JavaThread "pool-1-thread-3" [_thread_blocked, id=29566, stack(0x00007fe2ac057000,0x00007fe2ac158000)]
  0x00007fe264233800 JavaThread "pool-1-thread-2" [_thread_blocked, id=29564, stack(0x00007fe2ac158000,0x00007fe2ac259000)]
  0x00007fe264072800 JavaThread "AMQP Connection 127.0.0.1:5672" [_thread_in_native, id=29563, stack(0x00007fe2ac259000,0x00007fe2ac35a000)]
  0x00007fe2ccd25000 JavaThread "container-10" [_thread_blocked, id=29560, stack(0x00007fe2ac35a000,0x00007fe2ac45b000)]
  0x00007fe2ccd23000 JavaThread "container-9" [_thread_blocked, id=29559, stack(0x00007fe2ac45b000,0x00007fe2ac55c000)]
  0x00007fe2ccd21000 JavaThread "container-8" [_thread_blocked, id=29558, stack(0x00007fe2ac55c000,0x00007fe2ac65d000)]
  0x00007fe2ccd1f800 JavaThread "container-7" [_thread_blocked, id=29557, stack(0x00007fe2ac65d000,0x00007fe2ac75e000)]
  0x00007fe2ccd1d800 JavaThread "container-6" [_thread_blocked, id=29556, stack(0x00007fe2ac75e000,0x00007fe2ac85f000)]
  0x00007fe2ccd1c000 JavaThread "container-5" [_thread_blocked, id=29555, stack(0x00007fe2ac85f000,0x00007fe2ac960000)]
  0x00007fe2ccd1a000 JavaThread "container-4" [_thread_blocked, id=29554, stack(0x00007fe2ac960000,0x00007fe2aca61000)]
=>0x00007fe2ccd18800 JavaThread "container-3" [_thread_in_native, id=29553, stack(0x00007fe2acefe000,0x00007fe2acfff000)]
  0x00007fe2ccd17000 JavaThread "container-2" [_thread_blocked, id=29552, stack(0x00007fe2b4069000,0x00007fe2b416a000)]
  0x00007fe2ccd16800 JavaThread "container-1" [_thread_blocked, id=29551, stack(0x00007fe2b5a1a000,0x00007fe2b5b1b000)]
  0x00007fe2cc0da800 JavaThread "Service Thread" daemon [_thread_blocked, id=29536, stack(0x00007fe2b5de4000,0x00007fe2b5ee5000)]
  0x00007fe2cc0d7000 JavaThread "C1 CompilerThread2" daemon [_thread_blocked, id=29535, stack(0x00007fe2b5ee6000,0x00007fe2b5fe6000)]
  0x00007fe2cc0d5000 JavaThread "C2 CompilerThread1" daemon [_thread_blocked, id=29534, stack(0x00007fe2b5fe7000,0x00007fe2b60e7000)]
  0x00007fe2cc0d2000 JavaThread "C2 CompilerThread0" daemon [_thread_blocked, id=29533, stack(0x00007fe2b60e8000,0x00007fe2b61e8000)]
  0x00007fe2cc0d0000 JavaThread "JDWP Event Helper Thread" daemon [_thread_blocked, id=29531, stack(0x00007fe2b62e9000,0x00007fe2b63ea000)]
  0x00007fe2cc0be000 JavaThread "Signal Dispatcher" daemon [_thread_blocked, id=29527, stack(0x00007fe2b66ef000,0x00007fe2b67f0000)]
  0x00007fe2cc08c800 JavaThread "Finalizer" daemon [_thread_blocked, id=29525, stack(0x00007fe2b67f0000,0x00007fe2b68f1000)]
  0x00007fe2cc08a000 JavaThread "Reference Handler" daemon [_thread_blocked, id=29524, stack(0x00007fe2b68f1000,0x00007fe2b69f2000)]

Other Threads:
  0x00007fe2cc080800 VMThread [stack: 0x00007fe2b69f3000,0x00007fe2b6af3000] [id=29523]
  0x00007fe2cc0df800 WatcherThread [stack: 0x00007fe2b5ce4000,0x00007fe2b5de4000] [id=29537]

VM state:not at safepoint (normal execution)

VM Mutex/Monitor currently owned by a thread: None

Heap:
 PSYoungGen      total 209408K, used 88484K [0x000000076df80000, 0x000000077fb00000, 0x00000007c0000000)
  eden space 207872K, 42% used [0x000000076df80000,0x00000007734d8b30,0x000000077aa80000)
  from space 1536K, 70% used [0x000000077f980000,0x000000077fa908c8,0x000000077fb00000)
  to   space 14336K, 0% used [0x000000077df00000,0x000000077df00000,0x000000077ed00000)
 ParOldGen       total 141824K, used 17209K [0x00000006c9e00000, 0x00000006d2880000, 0x000000076df80000)
  object space 141824K, 12% used [0x00000006c9e00000,0x00000006caece410,0x00000006d2880000)
 Metaspace       used 37264K, capacity 38661K, committed 38784K, reserved 1083392K
  class space    used 4659K, capacity 4941K, committed 4992K, reserved 1048576K

Card table byte_map: [0x00007fe2d0637000,0x00007fe2d0de9000] byte_map_base: 0x00007fe2ccfe8000

Marking Bits: (ParMarkBitMap*) 0x00007fe2d43c90a0
 Begin Bits: [0x00007fe2984f0000, 0x00007fe29c278000)
 End Bits:   [0x00007fe29c278000, 0x00007fe2a0000000)

Polling page: 0x00007fe2d5041000

CodeCache: size=245760Kb used=16596Kb max_used=16607Kb free=229163Kb
 bounds [0x00007fe2bd000000, 0x00007fe2be060000, 0x00007fe2cc000000]
 total_blobs=4992 nmethods=4491 adapters=422
 compilation: enabled

Compilation events (10 events):
Event: 348919.871 Thread 0x00007fe2cc0d7000 5396       3       java.io.ObjectStreamField::getClassSignature (242 bytes)
Event: 348919.875 Thread 0x00007fe2cc0d7000 nmethod 5396 0x00007fe2be054ad0 code [0x00007fe2be0551c0, 0x00007fe2be05a1b8]
Event: 348919.877 Thread 0x00007fe2cc0d7000 5397       3       java.io.ObjectInputStream$BlockDataInputStream::read (138 bytes)
Event: 348919.878 Thread 0x00007fe2cc0d7000 nmethod 5397 0x00007fe2bd896ad0 code [0x00007fe2bd896cc0, 0x00007fe2bd897428]
Event: 348954.603 Thread 0x00007fe2cc0d2000 5399       4       java.io.ObjectStreamClass::requireInitialized (18 bytes)
Event: 348954.604 Thread 0x00007fe2cc0d5000 5398       4       java.io.Bits::getInt (43 bytes)
Event: 348954.605 Thread 0x00007fe2cc0d5000 nmethod 5398 0x00007fe2bd270ad0 code [0x00007fe2bd270c20, 0x00007fe2bd270d18]
Event: 348954.605 Thread 0x00007fe2cc0d7000 5400       3       java.io.SerialCallbackContext::check (59 bytes)
Event: 348954.606 Thread 0x00007fe2cc0d7000 nmethod 5400 0x00007fe2be0191d0 code [0x00007fe2be019440, 0x00007fe2be01a3b8]
Event: 348954.606 Thread 0x00007fe2cc0d2000 nmethod 5399 0x00007fe2bd582850 code [0x00007fe2bd5829a0, 0x00007fe2bd582a18]

GC Heap History (10 events):
Event: 750.627 GC heap before
{Heap before GC invocations=10 (full 2):
 PSYoungGen      total 165888K, used 157412K [0x000000076df80000, 0x000000077e380000, 0x00000007c0000000)
  eden space 152064K, 100% used [0x000000076df80000,0x0000000777400000,0x0000000777400000)
  from space 13824K, 38% used [0x0000000777400000,0x00000007779392b8,0x0000000778180000)
  to   space 13824K, 0% used [0x000000077d600000,0x000000077d600000,0x000000077e380000)
 ParOldGen       total 141824K, used 17169K [0x00000006c9e00000, 0x00000006d2880000, 0x000000076df80000)
  object space 141824K, 12% used [0x00000006c9e00000,0x00000006caec4410,0x00000006d2880000)
 Metaspace       used 36537K, capacity 37855K, committed 38272K, reserved 1083392K
  class space    used 4648K, capacity 4928K, committed 4992K, reserved 1048576K
Event: 750.631 GC heap after
Heap after GC invocations=10 (full 2):
 PSYoungGen      total 232960K, used 2786K [0x000000076df80000, 0x000000077da80000, 0x00000007c0000000)
  eden space 228352K, 0% used [0x000000076df80000,0x000000076df80000,0x000000077be80000)
  from space 4608K, 60% used [0x000000077d600000,0x000000077d8b88c8,0x000000077da80000)
  to   space 14336K, 0% used [0x000000077be80000,0x000000077be80000,0x000000077cc80000)
 ParOldGen       total 141824K, used 17177K [0x00000006c9e00000, 0x00000006d2880000, 0x000000076df80000)
  object space 141824K, 12% used [0x00000006c9e00000,0x00000006caec6410,0x00000006d2880000)
 Metaspace       used 36537K, capacity 37855K, committed 38272K, reserved 1083392K
  class space    used 4648K, capacity 4928K, committed 4992K, reserved 1048576K
}
Event: 1092.493 GC heap before
{Heap before GC invocations=11 (full 2):
 PSYoungGen      total 232960K, used 231138K [0x000000076df80000, 0x000000077da80000, 0x00000007c0000000)
  eden space 228352K, 100% used [0x000000076df80000,0x000000077be80000,0x000000077be80000)
  from space 4608K, 60% used [0x000000077d600000,0x000000077d8b88c8,0x000000077da80000)
  to   space 14336K, 0% used [0x000000077be80000,0x000000077be80000,0x000000077cc80000)
 ParOldGen       total 141824K, used 17177K [0x00000006c9e00000, 0x00000006d2880000, 0x000000076df80000)
  object space 141824K, 12% used [0x00000006c9e00000,0x00000006caec6410,0x00000006d2880000)
 Metaspace       used 36687K, capacity 38007K, committed 38272K, reserved 1083392K
  class space    used 4653K, capacity 4932K, committed 4992K, reserved 1048576K
Event: 1092.509 GC heap after
Heap after GC invocations=11 (full 2):
 PSYoungGen      total 242688K, used 4674K [0x000000076df80000, 0x0000000781480000, 0x00000007c0000000)
  eden space 228352K, 0% used [0x000000076df80000,0x000000076df80000,0x000000077be80000)
  from space 14336K, 32% used [0x000000077be80000,0x000000077c3108c8,0x000000077cc80000)
  to   space 14336K, 0% used [0x0000000780680000,0x0000000780680000,0x0000000781480000)
 ParOldGen       total 141824K, used 17185K [0x00000006c9e00000, 0x00000006d2880000, 0x000000076df80000)
  object space 141824K, 12% used [0x00000006c9e00000,0x00000006caec8410,0x00000006d2880000)
 Metaspace       used 36687K, capacity 38007K, committed 38272K, reserved 1083392K
  class space    used 4653K, capacity 4932K, committed 4992K, reserved 1048576K
}
Event: 1203.383 GC heap before
{Heap before GC invocations=12 (full 2):
 PSYoungGen      total 242688K, used 233026K [0x000000076df80000, 0x0000000781480000, 0x00000007c0000000)
  eden space 228352K, 100% used [0x000000076df80000,0x000000077be80000,0x000000077be80000)
  from space 14336K, 32% used [0x000000077be80000,0x000000077c3108c8,0x000000077cc80000)
  to   space 14336K, 0% used [0x0000000780680000,0x0000000780680000,0x0000000781480000)
 ParOldGen       total 141824K, used 17185K [0x00000006c9e00000, 0x00000006d2880000, 0x000000076df80000)
  object space 141824K, 12% used [0x00000006c9e00000,0x00000006caec8410,0x00000006d2880000)
 Metaspace       used 36808K, capacity 38153K, committed 38528K, reserved 1083392K
  class space    used 4655K, capacity 4935K, committed 4992K, reserved 1048576K
Event: 1203.391 GC heap after
Heap after GC invocations=12 (full 2):
 PSYoungGen      total 228352K, used 6930K [0x000000076df80000, 0x0000000780d80000, 0x00000007c0000000)
  eden space 221184K, 0% used [0x000000076df80000,0x000000076df80000,0x000000077b780000)
  from space 7168K, 96% used [0x0000000780680000,0x0000000780d449e8,0x0000000780d80000)
  to   space 13824K, 0% used [0x000000077f280000,0x000000077f280000,0x0000000780000000)
 ParOldGen       total 141824K, used 17193K [0x00000006c9e00000, 0x00000006d2880000, 0x000000076df80000)
  object space 141824K, 12% used [0x00000006c9e00000,0x00000006caeca410,0x00000006d2880000)
 Metaspace       used 36808K, capacity 38153K, committed 38528K, reserved 1083392K
  class space    used 4655K, capacity 4935K, committed 4992K, reserved 1048576K
}
Event: 1513.734 GC heap before
{Heap before GC invocations=13 (full 2):
 PSYoungGen      total 228352K, used 228114K [0x000000076df80000, 0x0000000780d80000, 0x00000007c0000000)
  eden space 221184K, 100% used [0x000000076df80000,0x000000077b780000,0x000000077b780000)
  from space 7168K, 96% used [0x0000000780680000,0x0000000780d449e8,0x0000000780d80000)
  to   space 13824K, 0% used [0x000000077f280000,0x000000077f280000,0x0000000780000000)
 ParOldGen       total 141824K, used 17193K [0x00000006c9e00000, 0x00000006d2880000, 0x000000076df80000)
  object space 141824K, 12% used [0x00000006c9e00000,0x00000006caeca410,0x00000006d2880000)
 Metaspace       used 36936K, capacity 38307K, committed 38528K, reserved 1083392K
  class space    used 4657K, capacity 4938K, committed 4992K, reserved 1048576K
Event: 1513.739 GC heap after
Heap after GC invocations=13 (full 2):
 PSYoungGen      total 216064K, used 1122K [0x000000076df80000, 0x0000000780700000, 0x00000007c0000000)
  eden space 214528K, 0% used [0x000000076df80000,0x000000076df80000,0x000000077b100000)
  from space 1536K, 73% used [0x000000077f280000,0x000000077f3988c8,0x000000077f400000)
  to   space 13824K, 0% used [0x000000077f980000,0x000000077f980000,0x0000000780700000)
 ParOldGen       total 141824K, used 17201K [0x00000006c9e00000, 0x00000006d2880000, 0x000000076df80000)
  object space 141824K, 12% used [0x00000006c9e00000,0x00000006caecc410,0x00000006d2880000)
 Metaspace       used 36936K, capacity 38307K, committed 38528K, reserved 1083392K
  class space    used 4657K, capacity 4938K, committed 4992K, reserved 1048576K
}
Event: 194013.105 GC heap before
{Heap before GC invocations=14 (full 2):
 PSYoungGen      total 216064K, used 215650K [0x000000076df80000, 0x0000000780700000, 0x00000007c0000000)
  eden space 214528K, 100% used [0x000000076df80000,0x000000077b100000,0x000000077b100000)
  from space 1536K, 73% used [0x000000077f280000,0x000000077f3988c8,0x000000077f400000)
  to   space 13824K, 0% used [0x000000077f980000,0x000000077f980000,0x0000000780700000)
 ParOldGen       total 141824K, used 17201K [0x00000006c9e00000, 0x00000006d2880000, 0x000000076df80000)
  object space 141824K, 12% used [0x00000006c9e00000,0x00000006caecc410,0x00000006d2880000)
 Metaspace       used 37248K, capacity 38649K, committed 38784K, reserved 1083392K
  class space    used 4658K, capacity 4939K, committed 4992K, reserved 1048576K
Event: 194013.107 GC heap after
Heap after GC invocations=14 (full 2):
 PSYoungGen      total 209408K, used 1090K [0x000000076df80000, 0x000000077fb00000, 0x00000007c0000000)
  eden space 207872K, 0% used [0x000000076df80000,0x000000076df80000,0x000000077aa80000)
  from space 1536K, 70% used [0x000000077f980000,0x000000077fa908c8,0x000000077fb00000)
  to   space 14336K, 0% used [0x000000077df00000,0x000000077df00000,0x000000077ed00000)
 ParOldGen       total 141824K, used 17209K [0x00000006c9e00000, 0x00000006d2880000, 0x000000076df80000)
  object space 141824K, 12% used [0x00000006c9e00000,0x00000006caece410,0x00000006d2880000)
 Metaspace       used 37248K, capacity 38649K, committed 38784K, reserved 1083392K
  class space    used 4658K, capacity 4939K, committed 4992K, reserved 1048576K
}

Deoptimization events (10 events):
Event: 727.113 Thread 0x00007fe2ccd23000 Uncommon trap: reason=class_check action=maybe_recompile pc=0x00007fe2bd5f50d4 method=java.util.regex.Matcher.search(I)Z @ 86
Event: 727.113 Thread 0x00007fe2ccd23000 Uncommon trap: reason=class_check action=maybe_recompile pc=0x00007fe2bd5f50d4 method=java.util.regex.Matcher.search(I)Z @ 86
Event: 741.570 Thread 0x00007fe2ccd18800 Uncommon trap: reason=unstable_if action=reinterpret pc=0x00007fe2bdcdeeec method=org.yaml.snakeyaml.scanner.ScannerImpl.scanToNextToken()V @ 7
Event: 741.681 Thread 0x00007fe2cc08c800 Uncommon trap: reason=null_check action=make_not_entrant pc=0x00007fe2bd1520e4 method=java.util.zip.ZipFile$ZipFileInflaterInputStream.close()V @ 40
Event: 741.750 Thread 0x00007fe2ccd18800 Uncommon trap: reason=unstable_if action=reinterpret pc=0x00007fe2bd22abbc method=org.yaml.snakeyaml.constructor.BaseConstructor.constructObject(Lorg/yaml/snakeyaml/nodes/Node;)Ljava/lang/Object; @ 10
Event: 194013.107 Thread 0x00007fe2cc08c800 Uncommon trap: reason=unstable_if action=reinterpret pc=0x00007fe2bd842364 method=java.util.WeakHashMap.remove(Ljava/lang/Object;)Ljava/lang/Object; @ 67
Event: 348919.866 Thread 0x00007fe264072800 Uncommon trap: reason=unstable_if action=reinterpret pc=0x00007fe2be004790 method=com.rabbitmq.client.impl.AMQConnection.readFrame(Lcom/rabbitmq/client/impl/Frame;)V @ 15
Event: 348919.866 Thread 0x00007fe2ccd23000 Uncommon trap: reason=null_check action=make_not_entrant pc=0x00007fe2bd38ed60 method=java.io.ObjectStreamClass.lookup(Ljava/lang/Class;Z)Ljava/io/ObjectStreamClass; @ 45
Event: 348919.877 Thread 0x00007fe2ccd23000 Uncommon trap: reason=unstable_if action=reinterpret pc=0x00007fe2bd582c64 method=com.rabbitmq.client.impl.MethodArgumentWriter.writeBit(Z)V @ 15
Event: 348919.877 Thread 0x00007fe2ccd23000 Uncommon trap: reason=unstable_if action=reinterpret pc=0x00007fe2bdf8b5c0 method=org.springframework.amqp.rabbit.listener.SimpleMessageListenerContainer$AsyncMessageProcessingConsumer.run()V @ 416

Classes redefined (0 events):
No events

Internal exceptions (10 events):
Event: 348694.590 Thread 0x00007fe264072800 Exception <a 'java/net/SocketTimeoutException': Read timed out> (0x0000000773210a78) thrown at [/HUDSON/workspace/8-2-build-linux-amd64/jdk8u181/11358/hotspot/src/share/vm/prims/jni.cpp, line 735]
Event: 348724.596 Thread 0x00007fe264072800 Exception <a 'java/net/SocketTimeoutException': Read timed out> (0x0000000773210d00) thrown at [/HUDSON/workspace/8-2-build-linux-amd64/jdk8u181/11358/hotspot/src/share/vm/prims/jni.cpp, line 735]
Event: 348754.598 Thread 0x00007fe264072800 Exception <a 'java/net/SocketTimeoutException': Read timed out> (0x0000000773210f88) thrown at [/HUDSON/workspace/8-2-build-linux-amd64/jdk8u181/11358/hotspot/src/share/vm/prims/jni.cpp, line 735]
Event: 348784.597 Thread 0x00007fe264072800 Exception <a 'java/net/SocketTimeoutException': Read timed out> (0x0000000773211210) thrown at [/HUDSON/workspace/8-2-build-linux-amd64/jdk8u181/11358/hotspot/src/share/vm/prims/jni.cpp, line 735]
Event: 348814.600 Thread 0x00007fe264072800 Exception <a 'java/net/SocketTimeoutException': Read timed out> (0x0000000773211498) thrown at [/HUDSON/workspace/8-2-build-linux-amd64/jdk8u181/11358/hotspot/src/share/vm/prims/jni.cpp, line 735]
Event: 348844.600 Thread 0x00007fe264072800 Exception <a 'java/net/SocketTimeoutException': Read timed out> (0x0000000773211720) thrown at [/HUDSON/workspace/8-2-build-linux-amd64/jdk8u181/11358/hotspot/src/share/vm/prims/jni.cpp, line 735]
Event: 348874.600 Thread 0x00007fe264072800 Exception <a 'java/net/SocketTimeoutException': Read timed out> (0x00000007732119a8) thrown at [/HUDSON/workspace/8-2-build-linux-amd64/jdk8u181/11358/hotspot/src/share/vm/prims/jni.cpp, line 735]
Event: 348904.602 Thread 0x00007fe264072800 Exception <a 'java/net/SocketTimeoutException': Read timed out> (0x0000000773211c30) thrown at [/HUDSON/workspace/8-2-build-linux-amd64/jdk8u181/11358/hotspot/src/share/vm/prims/jni.cpp, line 735]
Event: 348934.880 Thread 0x00007fe264072800 Exception <a 'java/net/SocketTimeoutException': Read timed out> (0x0000000773212988) thrown at [/HUDSON/workspace/8-2-build-linux-amd64/jdk8u181/11358/hotspot/src/share/vm/prims/jni.cpp, line 735]
Event: 348949.894 Thread 0x00007fe264072800 Exception <a 'java/net/SocketTimeoutException': Read timed out> (0x0000000773212be0) thrown at [/HUDSON/workspace/8-2-build-linux-amd64/jdk8u181/11358/hotspot/src/share/vm/prims/jni.cpp, line 735]

Events (10 events):
Event: 348949.894 Thread 0x00007fe264072800 DEOPT PACKING pc=0x00007fe2be01620c sp=0x00007fe2ac3583f0
Event: 348949.894 Thread 0x00007fe264072800 DEOPT UNPACKING pc=0x00007fe2bd047784 sp=0x00007fe2ac358088 mode 1
Event: 348949.894 Thread 0x00007fe264072800 DEOPT PACKING pc=0x00007fe2be0043f0 sp=0x00007fe2ac358450
Event: 348949.894 Thread 0x00007fe264072800 DEOPT UNPACKING pc=0x00007fe2bd047784 sp=0x00007fe2ac358190 mode 1
Event: 348949.894 Thread 0x00007fe264072800 DEOPT PACKING pc=0x00007fe2bdffc0d0 sp=0x00007fe2ac3584a0
Event: 348949.894 Thread 0x00007fe264072800 DEOPT UNPACKING pc=0x00007fe2bd047784 sp=0x00007fe2ac3581f0 mode 1
Event: 348949.894 Thread 0x00007fe264072800 DEOPT PACKING pc=0x00007fe2be008b9c sp=0x00007fe2ac358500
Event: 348949.894 Thread 0x00007fe264072800 DEOPT UNPACKING pc=0x00007fe2bd047784 sp=0x00007fe2ac358158 mode 1
Event: 348954.603 loading class com/fxlabs/fxt/dto/project/TestSuiteCategory
Event: 348954.603 loading class com/fxlabs/fxt/dto/project/TestSuiteCategory done


Dynamic libraries:
00400000-00401000 r-xp 00000000 08:01 98435747                           /usr/lib/jvm/java-8-oracle/bin/java
00600000-00601000 rw-p 00000000 08:01 98435747                           /usr/lib/jvm/java-8-oracle/bin/java
00e00000-00e21000 rw-p 00000000 00:00 0                                  [heap]
6c9e00000-6d2880000 rw-p 00000000 00:00 0 
6d2880000-76df80000 ---p 00000000 00:00 0 
76df80000-77fb00000 rw-p 00000000 00:00 0 
77fb00000-7c0000000 ---p 00000000 00:00 0 
7c0000000-7c04e0000 rw-p 00000000 00:00 0 
7c04e0000-800000000 ---p 00000000 00:00 0 
7fe232ad4000-7fe232bd4000 rw-p 00000000 00:00 0 
7fe232bd4000-7fe232cd4000 ---p 00000000 00:00 0 
7fe232cd4000-7fe232ed4000 rw-p 00000000 00:00 0 
7fe232ed4000-7fe232eeb000 r-xp 00000000 08:01 8393405                    /lib/x86_64-linux-gnu/libresolv-2.27.so
7fe232eeb000-7fe2330eb000 ---p 00017000 08:01 8393405                    /lib/x86_64-linux-gnu/libresolv-2.27.so
7fe2330eb000-7fe2330ec000 r--p 00017000 08:01 8393405                    /lib/x86_64-linux-gnu/libresolv-2.27.so
7fe2330ec000-7fe2330ed000 rw-p 00018000 08:01 8393405                    /lib/x86_64-linux-gnu/libresolv-2.27.so
7fe2330ed000-7fe2330ef000 rw-p 00000000 00:00 0 
7fe2330ef000-7fe2330f4000 r-xp 00000000 08:01 8393354                    /lib/x86_64-linux-gnu/libnss_dns-2.27.so
7fe2330f4000-7fe2332f4000 ---p 00005000 08:01 8393354                    /lib/x86_64-linux-gnu/libnss_dns-2.27.so
7fe2332f4000-7fe2332f5000 r--p 00005000 08:01 8393354                    /lib/x86_64-linux-gnu/libnss_dns-2.27.so
7fe2332f5000-7fe2332f6000 rw-p 00006000 08:01 8393354                    /lib/x86_64-linux-gnu/libnss_dns-2.27.so
7fe2332f6000-7fe2332f8000 r-xp 00000000 08:01 8393362                    /lib/x86_64-linux-gnu/libnss_mdns4_minimal.so.2
7fe2332f8000-7fe2334f7000 ---p 00002000 08:01 8393362                    /lib/x86_64-linux-gnu/libnss_mdns4_minimal.so.2
7fe2334f7000-7fe2334f8000 r--p 00001000 08:01 8393362                    /lib/x86_64-linux-gnu/libnss_mdns4_minimal.so.2
7fe2334f8000-7fe2334f9000 rw-p 00002000 08:01 8393362                    /lib/x86_64-linux-gnu/libnss_mdns4_minimal.so.2
7fe2334f9000-7fe2336f9000 rw-p 00000000 00:00 0 
7fe2336f9000-7fe2336fc000 ---p 00000000 00:00 0 
7fe2336fc000-7fe2337fa000 rw-p 00000000 00:00 0 
7fe2337fa000-7fe2337fd000 ---p 00000000 00:00 0 
7fe2337fd000-7fe2338fb000 rw-p 00000000 00:00 0 
7fe2338fb000-7fe2338fe000 ---p 00000000 00:00 0 
7fe2338fe000-7fe233bfc000 rw-p 00000000 00:00 0 
7fe233bfc000-7fe233bff000 ---p 00000000 00:00 0 
7fe233bff000-7fe233cfd000 rw-p 00000000 00:00 0 
7fe233cfd000-7fe233d00000 ---p 00000000 00:00 0 
7fe233d00000-7fe233dfe000 rw-p 00000000 00:00 0 
7fe233dfe000-7fe233e01000 ---p 00000000 00:00 0 
7fe233e01000-7fe233eff000 rw-p 00000000 00:00 0 
7fe233eff000-7fe233f02000 ---p 00000000 00:00 0 
7fe233f02000-7fe234000000 rw-p 00000000 00:00 0 
7fe234000000-7fe234021000 rw-p 00000000 00:00 0 
7fe234021000-7fe238000000 ---p 00000000 00:00 0 
7fe238000000-7fe238021000 rw-p 00000000 00:00 0 
7fe238021000-7fe23c000000 ---p 00000000 00:00 0 
7fe23c000000-7fe23c08e000 rw-p 00000000 00:00 0 
7fe23c08e000-7fe240000000 ---p 00000000 00:00 0 
7fe240000000-7fe240021000 rw-p 00000000 00:00 0 
7fe240021000-7fe244000000 ---p 00000000 00:00 0 
7fe244000000-7fe2441db000 rw-p 00000000 00:00 0 
7fe2441db000-7fe248000000 ---p 00000000 00:00 0 
7fe248000000-7fe248046000 rw-p 00000000 00:00 0 
7fe248046000-7fe24c000000 ---p 00000000 00:00 0 
7fe24c000000-7fe24c039000 rw-p 00000000 00:00 0 
7fe24c039000-7fe250000000 ---p 00000000 00:00 0 
7fe250000000-7fe250036000 rw-p 00000000 00:00 0 
7fe250036000-7fe254000000 ---p 00000000 00:00 0 
7fe254000000-7fe25406f000 rw-p 00000000 00:00 0 
7fe25406f000-7fe258000000 ---p 00000000 00:00 0 
7fe258000000-7fe258037000 rw-p 00000000 00:00 0 
7fe258037000-7fe25c000000 ---p 00000000 00:00 0 
7fe25c000000-7fe25c2ce000 rw-p 00000000 00:00 0 
7fe25c2ce000-7fe260000000 ---p 00000000 00:00 0 
7fe260000000-7fe260639000 rw-p 00000000 00:00 0 
7fe260639000-7fe264000000 ---p 00000000 00:00 0 
7fe264000000-7fe2642bd000 rw-p 00000000 00:00 0 
7fe2642bd000-7fe268000000 ---p 00000000 00:00 0 
7fe268000000-7fe268082000 rw-p 00000000 00:00 0 
7fe268082000-7fe26c000000 ---p 00000000 00:00 0 
7fe26c000000-7fe26c021000 rw-p 00000000 00:00 0 
7fe26c021000-7fe270000000 ---p 00000000 00:00 0 
7fe270000000-7fe270021000 rw-p 00000000 00:00 0 
7fe270021000-7fe274000000 ---p 00000000 00:00 0 
7fe274000000-7fe277437000 rw-p 00000000 00:00 0 
7fe277437000-7fe278000000 ---p 00000000 00:00 0 
7fe278000000-7fe278a53000 rw-p 00000000 00:00 0 
7fe278a53000-7fe27c000000 ---p 00000000 00:00 0 
7fe27c000000-7fe27c021000 rw-p 00000000 00:00 0 
7fe27c021000-7fe280000000 ---p 00000000 00:00 0 
7fe280000000-7fe2835ba000 rw-p 00000000 00:00 0 
7fe2835ba000-7fe284000000 ---p 00000000 00:00 0 
7fe284000000-7fe284022000 rw-p 00000000 00:00 0 
7fe284022000-7fe288000000 ---p 00000000 00:00 0 
7fe288000000-7fe28808e000 rw-p 00000000 00:00 0 
7fe28808e000-7fe28c000000 ---p 00000000 00:00 0 
7fe28c000000-7fe28c021000 rw-p 00000000 00:00 0 
7fe28c021000-7fe290000000 ---p 00000000 00:00 0 
7fe290000000-7fe290021000 rw-p 00000000 00:00 0 
7fe290021000-7fe294000000 ---p 00000000 00:00 0 
7fe294000000-7fe294021000 rw-p 00000000 00:00 0 
7fe294021000-7fe298000000 ---p 00000000 00:00 0 
7fe2980ec000-7fe2980ef000 ---p 00000000 00:00 0 
7fe2980ef000-7fe2981ed000 rw-p 00000000 00:00 0 
7fe2981ed000-7fe2981f0000 ---p 00000000 00:00 0 
7fe2981f0000-7fe2982ee000 rw-p 00000000 00:00 0 
7fe2982ee000-7fe2982f1000 ---p 00000000 00:00 0 
7fe2982f1000-7fe2983ef000 rw-p 00000000 00:00 0 
7fe2983ef000-7fe2983f2000 ---p 00000000 00:00 0 
7fe2983f2000-7fe2a0000000 rw-p 00000000 00:00 0 
7fe2a0000000-7fe2a0021000 rw-p 00000000 00:00 0 
7fe2a0021000-7fe2a4000000 ---p 00000000 00:00 0 
7fe2a4000000-7fe2a406a000 rw-p 00000000 00:00 0 
7fe2a406a000-7fe2a8000000 ---p 00000000 00:00 0 
7fe2a8000000-7fe2a8021000 rw-p 00000000 00:00 0 
7fe2a8021000-7fe2ac000000 ---p 00000000 00:00 0 
7fe2ac057000-7fe2ac05a000 ---p 00000000 00:00 0 
7fe2ac05a000-7fe2ac158000 rw-p 00000000 00:00 0 
7fe2ac158000-7fe2ac15b000 ---p 00000000 00:00 0 
7fe2ac15b000-7fe2ac259000 rw-p 00000000 00:00 0 
7fe2ac259000-7fe2ac25c000 ---p 00000000 00:00 0 
7fe2ac25c000-7fe2ac35a000 rw-p 00000000 00:00 0 
7fe2ac35a000-7fe2ac35d000 ---p 00000000 00:00 0 
7fe2ac35d000-7fe2ac45b000 rw-p 00000000 00:00 0 
7fe2ac45b000-7fe2ac45e000 ---p 00000000 00:00 0 
7fe2ac45e000-7fe2ac55c000 rw-p 00000000 00:00 0 
7fe2ac55c000-7fe2ac55f000 ---p 00000000 00:00 0 
7fe2ac55f000-7fe2ac65d000 rw-p 00000000 00:00 0 
7fe2ac65d000-7fe2ac660000 ---p 00000000 00:00 0 
7fe2ac660000-7fe2ac75e000 rw-p 00000000 00:00 0 
7fe2ac75e000-7fe2ac761000 ---p 00000000 00:00 0 
7fe2ac761000-7fe2ac85f000 rw-p 00000000 00:00 0 
7fe2ac85f000-7fe2ac862000 ---p 00000000 00:00 0 
7fe2ac862000-7fe2ac960000 rw-p 00000000 00:00 0 
7fe2ac960000-7fe2ac963000 ---p 00000000 00:00 0 
7fe2ac963000-7fe2acc61000 rw-p 00000000 00:00 0 
7fe2acc61000-7fe2ace61000 rw-p 00000000 00:00 0 
7fe2acefe000-7fe2acf01000 ---p 00000000 00:00 0 
7fe2acf01000-7fe2b0000000 rw-p 00000000 00:00 0 
7fe2b0000000-7fe2b0021000 rw-p 00000000 00:00 0 
7fe2b0021000-7fe2b4000000 ---p 00000000 00:00 0 
7fe2b401d000-7fe2b4030000 r--s 00345000 08:01 98828652                   /usr/lib/jvm/java-8-oracle/jre/lib/resources.jar
7fe2b4030000-7fe2b4033000 ---p 00000000 00:00 0 
7fe2b4033000-7fe2b4069000 rw-p 00000000 00:00 0 
7fe2b4069000-7fe2b406c000 ---p 00000000 00:00 0 
7fe2b406c000-7fe2b416a000 rw-p 00000000 00:00 0 
7fe2b416a000-7fe2b4181000 r-xp 00000000 08:01 8388702                    /lib/x86_64-linux-gnu/libgcc_s.so.1
7fe2b4181000-7fe2b4380000 ---p 00017000 08:01 8388702                    /lib/x86_64-linux-gnu/libgcc_s.so.1
7fe2b4380000-7fe2b4381000 r--p 00016000 08:01 8388702                    /lib/x86_64-linux-gnu/libgcc_s.so.1
7fe2b4381000-7fe2b4382000 rw-p 00017000 08:01 8388702                    /lib/x86_64-linux-gnu/libgcc_s.so.1
7fe2b438e000-7fe2b4393000 r--s 002f9000 08:01 98828646                   /usr/lib/jvm/java-8-oracle/jre/lib/charsets.jar
7fe2b4393000-7fe2b4398000 r--s 0003f000 08:01 98960909                   /usr/lib/jvm/java-8-oracle/jre/lib/ext/sunjce_provider.jar
7fe2b4398000-7fe2b43ca000 r-xp 00000000 08:01 98961365                   /usr/lib/jvm/java-8-oracle/jre/lib/amd64/libsunec.so
7fe2b43ca000-7fe2b45c9000 ---p 00032000 08:01 98961365                   /usr/lib/jvm/java-8-oracle/jre/lib/amd64/libsunec.so
7fe2b45c9000-7fe2b45cf000 rw-p 00031000 08:01 98961365                   /usr/lib/jvm/java-8-oracle/jre/lib/amd64/libsunec.so
7fe2b45cf000-7fe2b47df000 rw-p 00000000 00:00 0 
7fe2b47df000-7fe2b47e1000 r--s 00009000 08:01 98960739                   /usr/lib/jvm/java-8-oracle/jre/lib/ext/sunec.jar
7fe2b47e1000-7fe2b47e6000 r--s 0009d000 08:01 98828653                   /usr/lib/jvm/java-8-oracle/jre/lib/jsse.jar
7fe2b47e6000-7fe2b47e9000 r--s 0001a000 08:01 98828659                   /usr/lib/jvm/java-8-oracle/jre/lib/jce.jar
7fe2b47e9000-7fe2b49e9000 rw-p 00000000 00:00 0 
7fe2b49e9000-7fe2b4be9000 rw-p 00000000 00:00 0 
7fe2b4be9000-7fe2b4bfa000 r-xp 00000000 08:01 98961417                   /usr/lib/jvm/java-8-oracle/jre/lib/amd64/libnio.so
7fe2b4bfa000-7fe2b4df9000 ---p 00011000 08:01 98961417                   /usr/lib/jvm/java-8-oracle/jre/lib/amd64/libnio.so
7fe2b4df9000-7fe2b4dfa000 rw-p 00010000 08:01 98961417                   /usr/lib/jvm/java-8-oracle/jre/lib/amd64/libnio.so
7fe2b4dfa000-7fe2b4ffa000 rw-p 00000000 00:00 0 
7fe2b4ffa000-7fe2b51fa000 rw-p 00000000 00:00 0 
7fe2b51fa000-7fe2b5210000 r-xp 00000000 08:01 98961414                   /usr/lib/jvm/java-8-oracle/jre/lib/amd64/libnet.so
7fe2b5210000-7fe2b5410000 ---p 00016000 08:01 98961414                   /usr/lib/jvm/java-8-oracle/jre/lib/amd64/libnet.so
7fe2b5410000-7fe2b5411000 rw-p 00016000 08:01 98961414                   /usr/lib/jvm/java-8-oracle/jre/lib/amd64/libnet.so
7fe2b5411000-7fe2b541a000 r-xp 00000000 08:01 98961422                   /usr/lib/jvm/java-8-oracle/jre/lib/amd64/libmanagement.so
7fe2b541a000-7fe2b5619000 ---p 00009000 08:01 98961422                   /usr/lib/jvm/java-8-oracle/jre/lib/amd64/libmanagement.so
7fe2b5619000-7fe2b561a000 rw-p 00008000 08:01 98961422                   /usr/lib/jvm/java-8-oracle/jre/lib/amd64/libmanagement.so
7fe2b561a000-7fe2b581a000 rw-p 00000000 00:00 0 
7fe2b581a000-7fe2b5a1a000 rw-p 00000000 00:00 0 
7fe2b5a1a000-7fe2b5a1d000 ---p 00000000 00:00 0 
7fe2b5a1d000-7fe2b5b1b000 rw-p 00000000 00:00 0 
7fe2b5b1b000-7fe2b5b1d000 r--s 0000c000 08:01 9175486                    /root/.gradle/caches/modules-2/files-2.1/org.ow2.asm/asm/5.0.4/da08b8cce7bbf903602a25a3a163ae252435795/asm-5.0.4.jar
7fe2b5b1d000-7fe2b5b23000 r--s 00039000 08:01 9175485                    /root/.gradle/caches/modules-2/files-2.1/org.apache.logging.log4j/log4j-api/2.10.0/fec5797a55b786184a537abd39c3fa1449d752d6/log4j-api-2.10.0.jar
7fe2b5b23000-7fe2b5b2e000 r--s 00069000 08:01 9175484                    /root/.gradle/caches/modules-2/files-2.1/ch.qos.logback/logback-core/1.2.3/864344400c3d4d92dfeb0a305dc87d953677c03c/logback-core-1.2.3.jar
7fe2b5b2e000-7fe2b5b33000 r--s 00027000 08:01 9175483                    /root/.gradle/caches/modules-2/files-2.1/dk.brics.automaton/automaton/1.11-8/6ebfa65eb431ff4b715a23be7a750cbc4cc96d0f/automaton-1.11-8.jar
7fe2b5b33000-7fe2b5b35000 r--s 00006000 08:01 9175454                    /root/.gradle/caches/modules-2/files-2.1/net.minidev/accessors-smart/1.2/c592b500269bfde36096641b01238a8350f8aa31/accessors-smart-1.2.jar
7fe2b5b35000-7fe2b5b37000 r--s 00004000 08:01 9175179                    /root/.gradle/caches/modules-2/files-2.1/org.springframework/spring-jcl/5.0.9.RELEASE/bc3b5aaae53f0bc03647e53ecbd98a05b47a4e90/spring-jcl-5.0.9.RELEASE.jar
7fe2b5b37000-7fe2b5b3b000 r--s 00031000 08:01 9175386                    /root/.gradle/caches/modules-2/files-2.1/commons-io/commons-io/2.6/815893df5f31da2ece4040fe0a12fd44b577afaf/commons-io-2.6.jar
7fe2b5b3b000-7fe2b5b3c000 r--s 00003000 08:01 9175383                    /root/.gradle/caches/modules-2/files-2.1/com.github.mifmif/generex/1.0.2/b378f873b4e8d7616c3d920e2132cb1c87679600/generex-1.0.2.jar
7fe2b5b3c000-7fe2b5b43000 r--s 00049000 08:01 9175384                    /root/.gradle/caches/modules-2/files-2.1/org.apache.httpcomponents/httpcore/4.4.10/acc54d9b28bdffe4bbde89ed2e4a1e86b5285e2b/httpcore-4.4.10.jar
7fe2b5b43000-7fe2b5b48000 r--s 0004b000 08:01 9175382                    /root/.gradle/caches/modules-2/files-2.1/com.fasterxml.jackson.core/jackson-core/2.9.6/4e393793c37c77e042ccc7be5a914ae39251b365/jackson-core-2.9.6.jar
7fe2b5b48000-7fe2b5b4b000 r--s 0000e000 08:01 9175381                    /root/.gradle/caches/modules-2/files-2.1/com.fasterxml.jackson.core/jackson-annotations/2.9.0/7c10d545325e3a6e72e06381afe469fd40eb701/jackson-annotations-2.9.0.jar
7fe2b5b4b000-7fe2b5b4f000 r--s 00034000 08:01 9175379                    /root/.gradle/caches/modules-2/files-2.1/org.codehaus.jackson/jackson-core-asl/1.9.2/8493982bba1727106d767034bd0d8e77bc1931a9/jackson-core-asl-1.9.2.jar
7fe2b5b4f000-7fe2b5b51000 r--s 00009000 08:01 9175380                    /root/.gradle/caches/modules-2/files-2.1/org.slf4j/slf4j-api/1.7.25/da76ca59f6a57ee3102f8f9bd9cee742973efa8a/slf4j-api-1.7.25.jar
7fe2b5b51000-7fe2b5b5e000 r--s 00083000 08:01 9175378                    /root/.gradle/caches/modules-2/files-2.1/com.rabbitmq/amqp-client/5.4.1/145ad4e4f29056ba6dcef3097cd3a849d2e50f39/amqp-client-5.4.1.jar
7fe2b5b5e000-7fe2b5b60000 r--s 00000000 08:01 9175377                    /root/.gradle/caches/modules-2/files-2.1/org.slf4j/jul-to-slf4j/1.7.25/af5364cd6679bfffb114f0dec8a157aaa283b76/jul-to-slf4j-1.7.25.jar
7fe2b5b60000-7fe2b5b62000 r--s 00003000 08:01 9175376                    /root/.gradle/caches/modules-2/files-2.1/org.apache.logging.log4j/log4j-to-slf4j/2.10.0/f7e631ccf49cfc0aefa4a2a728da7d374c05bd3c/log4j-to-slf4j-2.10.0.jar
7fe2b5b62000-7fe2b5b68000 r--s 00041000 08:01 9175375                    /root/.gradle/caches/modules-2/files-2.1/ch.qos.logback/logback-classic/1.2.3/7c4f3c474fb2c041d8028740440937705ebb473a/logback-classic-1.2.3.jar
7fe2b5b68000-7fe2b5b6b000 r--s 0001b000 08:01 9175374                    /root/.gradle/caches/modules-2/files-2.1/net.minidev/json-smart/2.3/7396407491352ce4fa30de92efb158adb76b5b/json-smart-2.3.jar
7fe2b5b6b000-7fe2b5b6e000 r--s 00006000 08:01 9175369                    /root/.gradle/caches/modules-2/files-2.1/com.google.code.findbugs/jsr305/1.3.9/40719ea6961c0cb6afaeb6a921eaa1f6afd4cfdf/jsr305-1.3.9.jar
7fe2b5b6e000-7fe2b5b75000 r--s 0004b000 08:01 9175368                    /root/.gradle/caches/modules-2/files-2.1/commons-codec/commons-codec/1.11/3acb4705652e16236558f0f4f2192cc33c3bd189/commons-codec-1.11.jar
7fe2b5b75000-7fe2b5b7c000 r--s 00041000 08:01 9175371                    /root/.gradle/caches/modules-2/files-2.1/org.yaml/snakeyaml/1.19/44b3f48b5fdd6570fb285e6d80b0322c79edf8a0/snakeyaml-1.19-android.jar
7fe2b5b7c000-7fe2b5b83000 r--s 00042000 08:01 9175367                    /root/.gradle/caches/modules-2/files-2.1/org.yaml/snakeyaml/1.19/2d998d3d674b172a588e54ab619854d073f555b5/snakeyaml-1.19.jar
7fe2b5b83000-7fe2b5b9b000 r--s 00114000 08:01 9175181                    /root/.gradle/caches/modules-2/files-2.1/org.springframework/spring-core/5.0.9.RELEASE/9f9a828936d81afd49a603bda9cc1aed863a0d85/spring-core-5.0.9.RELEASE.jar
7fe2b5b9b000-7fe2b5b9f000 r--s 0001c000 08:01 9175366                    /root/.gradle/caches/modules-2/files-2.1/org.springframework.retry/spring-retry/1.2.2.RELEASE/638928732585c450e461f0a132b6834ad7cf3af0/spring-retry-1.2.2.RELEASE.jar
7fe2b5b9f000-7fe2b5ba4000 r--s 00040000 08:01 9175365                    /root/.gradle/caches/modules-2/files-2.1/org.springframework/spring-expression/5.0.9.RELEASE/1f9db5ff3a758102c0434cc3457aa47c50c39a4a/spring-expression-5.0.9.RELEASE.jar
7fe2b5ba4000-7fe2b5ba8000 r--s 0001c000 08:01 9175364                    /root/.gradle/caches/modules-2/files-2.1/org.springframework.amqp/spring-amqp/2.0.6.RELEASE/7e8b044d933e7f46bb99ef0a388886e104aa9d3d/spring-amqp-2.0.6.RELEASE.jar
7fe2b5ba8000-7fe2b5bb5000 r--s 00095000 08:01 9175363                    /root/.gradle/caches/modules-2/files-2.1/org.springframework/spring-beans/5.0.9.RELEASE/65f56fdab1bb90ad059e314d2f2f4cf76f9bdbde/spring-beans-5.0.9.RELEASE.jar
7fe2b5bb5000-7fe2b5bbe000 r--s 00051000 08:01 9175362                    /root/.gradle/caches/modules-2/files-2.1/org.springframework/spring-aop/5.0.9.RELEASE/98003b099697fe46b6bdf18c7e3f66d7a1381060/spring-aop-5.0.9.RELEASE.jar
7fe2b5bbe000-7fe2b5bd8000 r--s 0011b000 08:01 9175361                    /root/.gradle/caches/modules-2/files-2.1/org.springframework/spring-web/5.0.9.RELEASE/1ea3aab93340849313fa74ec626ddaf1fff9ed8e/spring-web-5.0.9.RELEASE.jar
7fe2b5bd8000-7fe2b5be0000 r--s 00037000 08:01 9175360                    /root/.gradle/caches/modules-2/files-2.1/org.springframework/spring-tx/5.0.9.RELEASE/d3a13fc3c56bdddd8144a686ed64f0cdb3ad7305/spring-tx-5.0.9.RELEASE.jar
7fe2b5be0000-7fe2b5bfa000 r--s 000f1000 08:01 9175358                    /root/.gradle/caches/modules-2/files-2.1/org.springframework/spring-context/5.0.9.RELEASE/2501e55acb6c2e84667cda3f845d1d00a0dc4e05/spring-context-5.0.9.RELEASE.jar
7fe2b5bfa000-7fe2b5c06000 r--s 0005c000 08:01 9175357                    /root/.gradle/caches/modules-2/files-2.1/org.springframework.security/spring-security-core/5.0.8.RELEASE/32a39026edcb6b7cd4567df2c75bd561d876f515/spring-security-core-5.0.8.RELEASE.jar
7fe2b5c06000-7fe2b5c13000 r--s 0006c000 08:01 9175356                    /root/.gradle/caches/modules-2/files-2.1/org.springframework.security/spring-security-web/5.0.8.RELEASE/87b45329699c294ccd6df2507a1f703eca89e381/spring-security-web-5.0.8.RELEASE.jar
7fe2b5c13000-7fe2b5c1e000 r--s 0009e000 08:01 9175355                    /root/.gradle/caches/modules-2/files-2.1/org.springframework.security/spring-security-config/5.0.8.RELEASE/83a070861ad63c0dd5660d4529b9c37a3c9e3c50/spring-security-config-5.0.8.RELEASE.jar
7fe2b5c1e000-7fe2b5c2d000 r--s 000b3000 08:01 9175354                    /root/.gradle/caches/modules-2/files-2.1/org.springframework/spring-webmvc/5.0.9.RELEASE/c18346caaeb8dc648c4cc01874996fd9fef76664/spring-webmvc-5.0.9.RELEASE.jar
7fe2b5c2d000-7fe2b5c36000 r--s 00054000 08:01 9175353                    /root/.gradle/caches/modules-2/files-2.1/org.springframework/spring-messaging/5.0.9.RELEASE/88c39cd3eb5424bd83a77c84a35c5f382f5e3838/spring-messaging-5.0.9.RELEASE.jar
7fe2b5c36000-7fe2b5c3d000 r--s 00067000 08:01 9175352                    /root/.gradle/caches/modules-2/files-2.1/org.springframework.amqp/spring-rabbit/2.0.6.RELEASE/b206078c6b3925447bf14350d9d82f0ff91efa4c/spring-rabbit-2.0.6.RELEASE.jar
7fe2b5c3d000-7fe2b5c52000 r--s 000d0000 08:01 9175350                    /root/.gradle/caches/modules-2/files-2.1/org.springframework.boot/spring-boot/2.0.5.RELEASE/19a4624cbd89a318d10c79f289c6c816043850fb/spring-boot-2.0.5.RELEASE.jar
7fe2b5c52000-7fe2b5c73000 r--s 000fe000 08:01 9175348                    /root/.gradle/caches/modules-2/files-2.1/org.springframework.boot/spring-boot-autoconfigure/2.0.5.RELEASE/e5588642799e0c0c04638e255c3d3f31ba400ff4/spring-boot-autoconfigure-2.0.5.RELEASE.jar
7fe2b5c73000-7fe2b5c84000 r--s 00091000 08:01 9175347                    /root/.gradle/caches/modules-2/files-2.1/com.github.ben-manes.caffeine/caffeine/2.6.2/c8fd8817f9d2b2ced82f8968e0dd943aab557de0/caffeine-2.6.2.jar
7fe2b5c84000-7fe2b5c92000 r--s 000ae000 08:01 9175346                    /root/.gradle/caches/modules-2/files-2.1/org.apache.httpcomponents/httpclient/4.5.5/1603dfd56ebcd583ccdf337b6c3984ac55d89e58/httpclient-4.5.5.jar
7fe2b5c92000-7fe2b5ca5000 r--s 00135000 08:01 9175345                    /root/.gradle/caches/modules-2/files-2.1/com.fasterxml.jackson.core/jackson-databind/2.9.5/3490508379d065fe3fcb80042b62f630f7588606/jackson-databind-2.9.5.jar
7fe2b5ca5000-7fe2b5cb3000 r--s 000ad000 08:01 9175344                    /root/.gradle/caches/modules-2/files-2.1/org.codehaus.jackson/jackson-mapper-asl/1.9.2/95400a7922ce75383866eb72f6ef4a7897923945/jackson-mapper-asl-1.9.2.jar
7fe2b5cb3000-7fe2b5ce3000 r--s 0024f000 08:01 9175340                    /root/.gradle/caches/modules-2/files-2.1/com.google.guava/guava/23.0/c947004bb13d18182be60077ade044099e4f26f1/guava-23.0.jar
7fe2b5ce3000-7fe2b5ce4000 ---p 00000000 00:00 0 
7fe2b5ce4000-7fe2b5de4000 rw-p 00000000 00:00 0 
7fe2b5de4000-7fe2b5de7000 ---p 00000000 00:00 0 
7fe2b5de7000-7fe2b5ee5000 rw-p 00000000 00:00 0 
7fe2b5ee5000-7fe2b5ee6000 ---p 00000000 00:00 0 
7fe2b5ee6000-7fe2b5ee9000 ---p 00000000 00:00 0 
7fe2b5ee9000-7fe2b5fe6000 rw-p 00000000 00:00 0 
7fe2b5fe6000-7fe2b5fe7000 ---p 00000000 00:00 0 
7fe2b5fe7000-7fe2b5fea000 ---p 00000000 00:00 0 
7fe2b5fea000-7fe2b60e7000 rw-p 00000000 00:00 0 
7fe2b60e7000-7fe2b60e8000 ---p 00000000 00:00 0 
7fe2b60e8000-7fe2b60eb000 ---p 00000000 00:00 0 
7fe2b60eb000-7fe2b61e8000 rw-p 00000000 00:00 0 
7fe2b61e8000-7fe2b61eb000 ---p 00000000 00:00 0 
7fe2b61eb000-7fe2b62e9000 rw-p 00000000 00:00 0 
7fe2b62e9000-7fe2b62ec000 ---p 00000000 00:00 0 
7fe2b62ec000-7fe2b63ea000 rw-p 00000000 00:00 0 
7fe2b63ea000-7fe2b63ed000 ---p 00000000 00:00 0 
7fe2b63ed000-7fe2b64eb000 rw-p 00000000 00:00 0 
7fe2b64eb000-7fe2b64ef000 r-xp 00000000 08:01 98961377                   /usr/lib/jvm/java-8-oracle/jre/lib/amd64/libdt_socket.so
7fe2b64ef000-7fe2b66ee000 ---p 00004000 08:01 98961377                   /usr/lib/jvm/java-8-oracle/jre/lib/amd64/libdt_socket.so
7fe2b66ee000-7fe2b66ef000 rw-p 00003000 08:01 98961377                   /usr/lib/jvm/java-8-oracle/jre/lib/amd64/libdt_socket.so
7fe2b66ef000-7fe2b66f2000 ---p 00000000 00:00 0 
7fe2b66f2000-7fe2b67f0000 rw-p 00000000 00:00 0 
7fe2b67f0000-7fe2b67f3000 ---p 00000000 00:00 0 
7fe2b67f3000-7fe2b68f1000 rw-p 00000000 00:00 0 
7fe2b68f1000-7fe2b68f4000 ---p 00000000 00:00 0 
7fe2b68f4000-7fe2b69f2000 rw-p 00000000 00:00 0 
7fe2b69f2000-7fe2b69f3000 ---p 00000000 00:00 0 
7fe2b69f3000-7fe2b8000000 rw-p 00000000 00:00 0 
7fe2b8000000-7fe2b8021000 rw-p 00000000 00:00 0 
7fe2b8021000-7fe2bc000000 ---p 00000000 00:00 0 
7fe2bc000000-7fe2bc002000 r--s 00001000 08:01 9175372                    /root/.gradle/caches/modules-2/files-2.1/com.google.j2objc/j2objc-annotations/1.1/ed28ded51a8b1c6b112568def5f4b455e6809019/j2objc-annotations-1.1.jar
7fe2bc002000-7fe2bc006000 r--s 00028000 08:01 9175359                    /root/.gradle/caches/modules-2/files-2.1/org.springframework/spring-context-support/5.0.9.RELEASE/70513a5860ced0660834bc590b435fc7b73902ea/spring-context-support-5.0.9.RELEASE.jar
7fe2bc006000-7fe2bc2fc000 rw-p 00000000 00:00 0 
7fe2bc2fc000-7fe2bc4d6000 r--s 03d6b000 08:01 98828648                   /usr/lib/jvm/java-8-oracle/jre/lib/rt.jar
7fe2bc4d6000-7fe2bccfd000 rw-p 00000000 00:00 0 
7fe2bccfd000-7fe2bccfe000 ---p 00000000 00:00 0 
7fe2bccfe000-7fe2bcdfe000 rw-p 00000000 00:00 0 
7fe2bcdfe000-7fe2bcdff000 ---p 00000000 00:00 0 
7fe2bcdff000-7fe2bceff000 rw-p 00000000 00:00 0 
7fe2bceff000-7fe2bcf00000 ---p 00000000 00:00 0 
7fe2bcf00000-7fe2bd000000 rw-p 00000000 00:00 0 
7fe2bd000000-7fe2be060000 rwxp 00000000 00:00 0 
7fe2be060000-7fe2cc000000 ---p 00000000 00:00 0 
7fe2cc000000-7fe2ccd2f000 rw-p 00000000 00:00 0 
7fe2ccd2f000-7fe2d0000000 ---p 00000000 00:00 0 
7fe2d0000000-7fe2d0001000 r--s 00000000 08:01 9175373                    /root/.gradle/caches/modules-2/files-2.1/org.codehaus.mojo/animal-sniffer-annotations/1.14/775b7e22fb10026eed3f86e8dc556dfafe35f2d5/animal-sniffer-annotations-1.14.jar
7fe2d0001000-7fe2d0002000 r--s 00002000 08:01 9175370                    /root/.gradle/caches/modules-2/files-2.1/com.google.errorprone/error_prone_annotations/2.0.18/5f65affce1684999e2f4024983835efc3504012e/error_prone_annotations-2.0.18.jar
7fe2d0002000-7fe2d0004000 r--s 00005000 08:01 9175351                    /root/.gradle/caches/modules-2/files-2.1/javax.annotation/javax.annotation-api/1.3.2/934c04d3cfef185a8008e7bf34331b79730a9d43/javax.annotation-api-1.3.2.jar
7fe2d0004000-7fe2d000a000 r--s 00031000 08:01 9175342                    /root/.gradle/caches/modules-2/files-2.1/com.jayway.jsonpath/json-path/2.3.0/32602ed60bc48f2a7dbe8aceacf5882556eab54/json-path-2.3.0.jar
7fe2d000a000-7fe2d0012000 r--s 00072000 08:01 9175341                    /root/.gradle/caches/modules-2/files-2.1/org.apache.commons/commons-lang3/3.7/557edd918fd41f9260963583ebf5a61a43a6b423/commons-lang3-3.7.jar
7fe2d0012000-7fe2d0015000 r--s 00088000 08:01 9175343                    /root/.gradle/caches/modules-2/files-2.1/com.github.javafaker/javafaker/0.16/a6d13b5da669e6ea67b8dbf1105e48385c4cac2e/javafaker-0.16.jar
7fe2d0015000-7fe2d0016000 ---p 00000000 00:00 0 
7fe2d0016000-7fe2d015c000 rw-p 00000000 00:00 0 
7fe2d015c000-7fe2d0637000 ---p 00000000 00:00 0 
7fe2d0637000-7fe2d067d000 rw-p 00000000 00:00 0 
7fe2d067d000-7fe2d0b57000 ---p 00000000 00:00 0 
7fe2d0b57000-7fe2d0be6000 rw-p 00000000 00:00 0 
7fe2d0be6000-7fe2d0de8000 ---p 00000000 00:00 0 
7fe2d0de8000-7fe2d0e2b000 rw-p 00000000 00:00 0 
7fe2d0e2b000-7fe2d11a9000 ---p 00000000 00:00 0 
7fe2d11a9000-7fe2d11c4000 r-xp 00000000 08:01 98961410                   /usr/lib/jvm/java-8-oracle/jre/lib/amd64/libzip.so
7fe2d11c4000-7fe2d13c4000 ---p 0001b000 08:01 98961410                   /usr/lib/jvm/java-8-oracle/jre/lib/amd64/libzip.so
7fe2d13c4000-7fe2d13c5000 rw-p 0001b000 08:01 98961410                   /usr/lib/jvm/java-8-oracle/jre/lib/amd64/libzip.so
7fe2d13c5000-7fe2d13d0000 r-xp 00000000 08:01 8393356                    /lib/x86_64-linux-gnu/libnss_files-2.27.so
7fe2d13d0000-7fe2d15cf000 ---p 0000b000 08:01 8393356                    /lib/x86_64-linux-gnu/libnss_files-2.27.so
7fe2d15cf000-7fe2d15d0000 r--p 0000a000 08:01 8393356                    /lib/x86_64-linux-gnu/libnss_files-2.27.so
7fe2d15d0000-7fe2d15d1000 rw-p 0000b000 08:01 8393356                    /lib/x86_64-linux-gnu/libnss_files-2.27.so
7fe2d15d1000-7fe2d15d7000 rw-p 00000000 00:00 0 
7fe2d15d7000-7fe2d15ee000 r-xp 00000000 08:01 8393350                    /lib/x86_64-linux-gnu/libnsl-2.27.so
7fe2d15ee000-7fe2d17ed000 ---p 00017000 08:01 8393350                    /lib/x86_64-linux-gnu/libnsl-2.27.so
7fe2d17ed000-7fe2d17ee000 r--p 00016000 08:01 8393350                    /lib/x86_64-linux-gnu/libnsl-2.27.so
7fe2d17ee000-7fe2d17ef000 rw-p 00017000 08:01 8393350                    /lib/x86_64-linux-gnu/libnsl-2.27.so
7fe2d17ef000-7fe2d17f1000 rw-p 00000000 00:00 0 
7fe2d17f1000-7fe2d17fc000 r-xp 00000000 08:01 8393367                    /lib/x86_64-linux-gnu/libnss_nis-2.27.so
7fe2d17fc000-7fe2d19fb000 ---p 0000b000 08:01 8393367                    /lib/x86_64-linux-gnu/libnss_nis-2.27.so
7fe2d19fb000-7fe2d19fc000 r--p 0000a000 08:01 8393367                    /lib/x86_64-linux-gnu/libnss_nis-2.27.so
7fe2d19fc000-7fe2d19fd000 rw-p 0000b000 08:01 8393367                    /lib/x86_64-linux-gnu/libnss_nis-2.27.so
7fe2d19fd000-7fe2d1a05000 r-xp 00000000 08:01 8393352                    /lib/x86_64-linux-gnu/libnss_compat-2.27.so
7fe2d1a05000-7fe2d1c05000 ---p 00008000 08:01 8393352                    /lib/x86_64-linux-gnu/libnss_compat-2.27.so
7fe2d1c05000-7fe2d1c06000 r--p 00008000 08:01 8393352                    /lib/x86_64-linux-gnu/libnss_compat-2.27.so
7fe2d1c06000-7fe2d1c07000 rw-p 00009000 08:01 8393352                    /lib/x86_64-linux-gnu/libnss_compat-2.27.so
7fe2d1c07000-7fe2d25d6000 r--p 00000000 08:01 98310674                   /usr/lib/locale/locale-archive
7fe2d25d6000-7fe2d25d8000 r-xp 00000000 08:01 98961379                   /usr/lib/jvm/java-8-oracle/jre/lib/amd64/libnpt.so
7fe2d25d8000-7fe2d27d8000 ---p 00002000 08:01 98961379                   /usr/lib/jvm/java-8-oracle/jre/lib/amd64/libnpt.so
7fe2d27d8000-7fe2d27d9000 rw-p 00002000 08:01 98961379                   /usr/lib/jvm/java-8-oracle/jre/lib/amd64/libnpt.so
7fe2d27d9000-7fe2d2813000 r-xp 00000000 08:01 98961397                   /usr/lib/jvm/java-8-oracle/jre/lib/amd64/libjdwp.so
7fe2d2813000-7fe2d2a12000 ---p 0003a000 08:01 98961397                   /usr/lib/jvm/java-8-oracle/jre/lib/amd64/libjdwp.so
7fe2d2a12000-7fe2d2a13000 rw-p 00039000 08:01 98961397                   /usr/lib/jvm/java-8-oracle/jre/lib/amd64/libjdwp.so
7fe2d2a13000-7fe2d2a14000 rw-p 00000000 00:00 0 
7fe2d2a14000-7fe2d2a3f000 r-xp 00000000 08:01 98961404                   /usr/lib/jvm/java-8-oracle/jre/lib/amd64/libjava.so
7fe2d2a3f000-7fe2d2c3e000 ---p 0002b000 08:01 98961404                   /usr/lib/jvm/java-8-oracle/jre/lib/amd64/libjava.so
7fe2d2c3e000-7fe2d2c40000 rw-p 0002a000 08:01 98961404                   /usr/lib/jvm/java-8-oracle/jre/lib/amd64/libjava.so
7fe2d2c40000-7fe2d2c4d000 r-xp 00000000 08:01 98961409                   /usr/lib/jvm/java-8-oracle/jre/lib/amd64/libverify.so
7fe2d2c4d000-7fe2d2e4d000 ---p 0000d000 08:01 98961409                   /usr/lib/jvm/java-8-oracle/jre/lib/amd64/libverify.so
7fe2d2e4d000-7fe2d2e4f000 rw-p 0000d000 08:01 98961409                   /usr/lib/jvm/java-8-oracle/jre/lib/amd64/libverify.so
7fe2d2e4f000-7fe2d2e56000 r-xp 00000000 08:01 8393407                    /lib/x86_64-linux-gnu/librt-2.27.so
7fe2d2e56000-7fe2d3055000 ---p 00007000 08:01 8393407                    /lib/x86_64-linux-gnu/librt-2.27.so
7fe2d3055000-7fe2d3056000 r--p 00006000 08:01 8393407                    /lib/x86_64-linux-gnu/librt-2.27.so
7fe2d3056000-7fe2d3057000 rw-p 00007000 08:01 8393407                    /lib/x86_64-linux-gnu/librt-2.27.so
7fe2d3057000-7fe2d31f4000 r-xp 00000000 08:01 8393329                    /lib/x86_64-linux-gnu/libm-2.27.so
7fe2d31f4000-7fe2d33f3000 ---p 0019d000 08:01 8393329                    /lib/x86_64-linux-gnu/libm-2.27.so
7fe2d33f3000-7fe2d33f4000 r--p 0019c000 08:01 8393329                    /lib/x86_64-linux-gnu/libm-2.27.so
7fe2d33f4000-7fe2d33f5000 rw-p 0019d000 08:01 8393329                    /lib/x86_64-linux-gnu/libm-2.27.so
7fe2d33f5000-7fe2d40d1000 r-xp 00000000 08:01 98961386                   /usr/lib/jvm/java-8-oracle/jre/lib/amd64/server/libjvm.so
7fe2d40d1000-7fe2d42d1000 ---p 00cdc000 08:01 98961386                   /usr/lib/jvm/java-8-oracle/jre/lib/amd64/server/libjvm.so
7fe2d42d1000-7fe2d43ab000 rw-p 00cdc000 08:01 98961386                   /usr/lib/jvm/java-8-oracle/jre/lib/amd64/server/libjvm.so
7fe2d43ab000-7fe2d43f6000 rw-p 00000000 00:00 0 
7fe2d43f6000-7fe2d45dd000 r-xp 00000000 08:01 8393266                    /lib/x86_64-linux-gnu/libc-2.27.so
7fe2d45dd000-7fe2d47dd000 ---p 001e7000 08:01 8393266                    /lib/x86_64-linux-gnu/libc-2.27.so
7fe2d47dd000-7fe2d47e1000 r--p 001e7000 08:01 8393266                    /lib/x86_64-linux-gnu/libc-2.27.so
7fe2d47e1000-7fe2d47e3000 rw-p 001eb000 08:01 8393266                    /lib/x86_64-linux-gnu/libc-2.27.so
7fe2d47e3000-7fe2d47e7000 rw-p 00000000 00:00 0 
7fe2d47e7000-7fe2d47ea000 r-xp 00000000 08:01 8393289                    /lib/x86_64-linux-gnu/libdl-2.27.so
7fe2d47ea000-7fe2d49e9000 ---p 00003000 08:01 8393289                    /lib/x86_64-linux-gnu/libdl-2.27.so
7fe2d49e9000-7fe2d49ea000 r--p 00002000 08:01 8393289                    /lib/x86_64-linux-gnu/libdl-2.27.so
7fe2d49ea000-7fe2d49eb000 rw-p 00003000 08:01 8393289                    /lib/x86_64-linux-gnu/libdl-2.27.so
7fe2d49eb000-7fe2d4a01000 r-xp 00000000 08:01 98699275                   /usr/lib/jvm/java-8-oracle/lib/amd64/jli/libjli.so
7fe2d4a01000-7fe2d4c00000 ---p 00016000 08:01 98699275                   /usr/lib/jvm/java-8-oracle/lib/amd64/jli/libjli.so
7fe2d4c00000-7fe2d4c01000 rw-p 00015000 08:01 98699275                   /usr/lib/jvm/java-8-oracle/lib/amd64/jli/libjli.so
7fe2d4c01000-7fe2d4c1b000 r-xp 00000000 08:01 8393399                    /lib/x86_64-linux-gnu/libpthread-2.27.so
7fe2d4c1b000-7fe2d4e1a000 ---p 0001a000 08:01 8393399                    /lib/x86_64-linux-gnu/libpthread-2.27.so
7fe2d4e1a000-7fe2d4e1b000 r--p 00019000 08:01 8393399                    /lib/x86_64-linux-gnu/libpthread-2.27.so
7fe2d4e1b000-7fe2d4e1c000 rw-p 0001a000 08:01 8393399                    /lib/x86_64-linux-gnu/libpthread-2.27.so
7fe2d4e1c000-7fe2d4e20000 rw-p 00000000 00:00 0 
7fe2d4e20000-7fe2d4e47000 r-xp 00000000 08:01 8393238                    /lib/x86_64-linux-gnu/ld-2.27.so
7fe2d4e47000-7fe2d4e48000 r--s 00000000 08:01 9175349                    /root/.gradle/caches/modules-2/files-2.1/org.springframework.boot/spring-boot-starter-logging/2.0.5.RELEASE/c353e0b9591d0765c687ff0a678478cbebfd5c23/spring-boot-starter-logging-2.0.5.RELEASE.jar
7fe2d4e48000-7fe2d4e4a000 r--s 0000c000 08:01 9176671                    /root/.gradle/caches/modules-2/files-2.1/org.apache.commons/commons-exec/1.3/8dfb9facd0830a27b1b5f29f84593f0aeee7773b/commons-exec-1.3.jar
7fe2d4e4a000-7fe2d4e57000 r--s 0006b000 08:01 9175487                    /root/.gradle/caches/modules-2/files-2.1/org.springframework.security.oauth/spring-security-oauth2/2.3.0.RELEASE/ea6b5dfcc23c6b0becb74388abd369705a15bc35/spring-security-oauth2-2.3.0.RELEASE.jar
7fe2d4e57000-7fe2d4f27000 rw-p 00000000 00:00 0 
7fe2d4f27000-7fe2d4f28000 ---p 00000000 00:00 0 
7fe2d4f28000-7fe2d4f2b000 ---p 00000000 00:00 0 
7fe2d4f2b000-7fe2d502c000 rw-p 00000000 00:00 0 
7fe2d502c000-7fe2d5030000 r--s 0001c000 08:01 9175339                    /root/.gradle/caches/modules-2/files-2.1/org.jasypt/jasypt/1.9.2/91eee489a389faba9fc57bfee75c87c615c19cd7/jasypt-1.9.2.jar
7fe2d5030000-7fe2d5031000 r--s 00000000 08:01 9175336                    /root/.gradle/caches/modules-2/files-2.1/org.springframework.boot/spring-boot-starter/2.0.5.RELEASE/1f53487a373be18d064a5815e9bac9882ef15cdc/spring-boot-starter-2.0.5.RELEASE.jar
7fe2d5031000-7fe2d5032000 r--s 00000000 08:01 9175337                    /root/.gradle/caches/modules-2/files-2.1/org.springframework.boot/spring-boot-starter-cache/2.1.2.RELEASE/69cb5ca63c07b95eed803bbbbbf193266193fb2a/spring-boot-starter-cache-2.1.2.RELEASE.jar
7fe2d5032000-7fe2d5033000 r--s 00000000 08:01 9175338                    /root/.gradle/caches/modules-2/files-2.1/org.springframework.boot/spring-boot-starter-amqp/2.0.5.RELEASE/e6bec802720be1e68a7e8b20edb85a7b8d0d635b/spring-boot-starter-amqp-2.0.5.RELEASE.jar
7fe2d5033000-7fe2d5038000 r--s 0003c000 08:01 119802831                  /home/shoukathmd/projects1/Fxt/DTO/build/libs/DTO-0.0.1-SNAPSHOT.jar
7fe2d5038000-7fe2d5040000 rw-s 00000000 08:01 9440465                    /tmp/hsperfdata_root/29515
7fe2d5040000-7fe2d5041000 rw-p 00000000 00:00 0 
7fe2d5041000-7fe2d5042000 r--p 00000000 00:00 0 
7fe2d5042000-7fe2d5045000 r--p 00000000 00:00 0                          [vvar]
7fe2d5045000-7fe2d5047000 r-xp 00000000 00:00 0                          [vdso]
7fe2d5047000-7fe2d5048000 r--p 00027000 08:01 8393238                    /lib/x86_64-linux-gnu/ld-2.27.so
7fe2d5048000-7fe2d5049000 rw-p 00028000 08:01 8393238                    /lib/x86_64-linux-gnu/ld-2.27.so
7fe2d5049000-7fe2d504a000 rw-p 00000000 00:00 0 
7ffdf68a8000-7ffdf68cb000 rw-p 00000000 00:00 0                          [stack]
ffffffffff600000-ffffffffff601000 r-xp 00000000 00:00 0                  [vsyscall]

VM Arguments:
jvm_args: -agentlib:jdwp=transport=dt_socket,server=n,suspend=y,address=37571 -Dfile.encoding=UTF-8 -Duser.country=IN -Duser.language=en -Duser.variant 
java_command: com.fxlabs.fxt.bot.amqp.Application --spring.profiles.active=dev
java_class_path (initial): /home/shoukathmd/projects1/Fxt/Bot/build/classes/java/main:/home/shoukathmd/projects1/Fxt/Bot/build/resources/main:/home/shoukathmd/projects1/Fxt/DTO/build/libs/DTO-0.0.1-SNAPSHOT.jar:/root/.gradle/caches/modules-2/files-2.1/org.springframework.boot/spring-boot-starter-amqp/2.0.5.RELEASE/e6bec802720be1e68a7e8b20edb85a7b8d0d635b/spring-boot-starter-amqp-2.0.5.RELEASE.jar:/root/.gradle/caches/modules-2/files-2.1/org.springframework.boot/spring-boot-starter-cache/2.1.2.RELEASE/69cb5ca63c07b95eed803bbbbbf193266193fb2a/spring-boot-starter-cache-2.1.2.RELEASE.jar:/root/.gradle/caches/modules-2/files-2.1/org.springframework.boot/spring-boot-starter/2.0.5.RELEASE/1f53487a373be18d064a5815e9bac9882ef15cdc/spring-boot-starter-2.0.5.RELEASE.jar:/root/.gradle/caches/modules-2/files-2.1/org.springframework.security.oauth/spring-security-oauth2/2.3.0.RELEASE/ea6b5dfcc23c6b0becb74388abd369705a15bc35/spring-security-oauth2-2.3.0.RELEASE.jar:/root/.gradle/caches/modules-2/files-2.1/org.jasypt/jasypt/1.9.2/91eee489a389faba9fc57bfee75c87c615c19cd7/jasypt-1.9.2.jar:/root/.gradle/caches/modules-2/files-2.1/org.apache.commons/commons-exec/1.3/8dfb9facd0830a27b1b5f29f84593f0aeee7773b/commons-exec-1.3.jar:/root/.gradle/caches/modules-2/files-2.1/com.google.guava/guava/23.0/c947004bb13d18182be60077ade044099e4f26f1/guava-23.0.jar:/root/.gradle/caches/modules-2/files-2.1/com.github.javafaker/javafaker/0.16/a6d13b5da669e6ea67b8dbf1105e48385c4cac2e/javafaker-0.16.jar:/root/.gradle/caches/modules-2/files-2.1/org.apache.commons/commons-lang3/3.7/557edd918fd41f9260963583ebf5a61a43a6b423/commons-lang3-3.7.jar:/root/.gradle/caches/modules-2/files-2.1/com.jayway.jsonpath/json-path/2.3.0/32602ed60bc48f2a7dbe8aceacf5882556eab54/json-path-2.3.0.jar:/root/.gradle/caches/modules-2/files-2.1/org.codehaus.jackson/jackson-mapper-asl/1.9.2/95400a7922ce75383866eb72f6ef4a7897923945/jackson-mapper-asl-1.9.2.jar:/root/.gradle/caches/modules-2/files-2.1/com.fasterxml.jackson.core/jackso
Launcher Type: SUN_STANDARD

Environment Variables:
JAVA_HOME=/usr/lib/jvm/java-8-oracle
PATH=/usr/local/sbin:/usr/local/bin:/usr/sbin:/usr/bin:/sbin:/bin:/usr/games:/usr/local/games
USERNAME=root
SHELL=/bin/bash
DISPLAY=:0

Signal Handlers:
SIGSEGV: [libjvm.so+0xad2a40], sa_mask[0]=11111111011111111101111111111110, sa_flags=SA_RESTART|SA_SIGINFO
SIGBUS: [libjvm.so+0xad2a40], sa_mask[0]=11111111011111111101111111111110, sa_flags=SA_RESTART|SA_SIGINFO
SIGFPE: [libjvm.so+0x92a610], sa_mask[0]=11111111011111111101111111111110, sa_flags=SA_RESTART|SA_SIGINFO
SIGPIPE: [libjvm.so+0x92a610], sa_mask[0]=11111111011111111101111111111110, sa_flags=SA_RESTART|SA_SIGINFO
SIGXFSZ: [libjvm.so+0x92a610], sa_mask[0]=11111111011111111101111111111110, sa_flags=SA_RESTART|SA_SIGINFO
SIGILL: [libjvm.so+0x92a610], sa_mask[0]=11111111011111111101111111111110, sa_flags=SA_RESTART|SA_SIGINFO
SIGUSR1: SIG_DFL, sa_mask[0]=00000000000000000000000000000000, sa_flags=none
SIGUSR2: [libjvm.so+0x92be70], sa_mask[0]=00100000000000000000000000000000, sa_flags=SA_RESTART|SA_SIGINFO
SIGHUP: [libjvm.so+0x92d270], sa_mask[0]=11111111011111111101111111111110, sa_flags=SA_RESTART|SA_SIGINFO
SIGINT: [libjvm.so+0x92d270], sa_mask[0]=11111111011111111101111111111110, sa_flags=SA_RESTART|SA_SIGINFO
SIGTERM: [libjvm.so+0x92d270], sa_mask[0]=11111111011111111101111111111110, sa_flags=SA_RESTART|SA_SIGINFO
SIGQUIT: [libjvm.so+0x92d270], sa_mask[0]=11111111011111111101111111111110, sa_flags=SA_RESTART|SA_SIGINFO


---------------  S Y S T E M  ---------------

OS:DISTRIB_ID=Ubuntu
DISTRIB_RELEASE=18.04
DISTRIB_CODENAME=bionic
DISTRIB_DESCRIPTION="Ubuntu 18.04.2 LTS"

uname:Linux 4.15.0-47-generic #50-Ubuntu SMP Wed Mar 13 10:44:52 UTC 2019 x86_64
libc:glibc 2.27 NPTL 2.27 
rlimit: STACK 8192k, CORE 0k, NPROC 62810, NOFILE 1048576, AS infinity
load average:4.06 3.33 3.11

/proc/meminfo:
MemTotal:       16122860 kB
MemFree:          371448 kB
MemAvailable:    2027036 kB
Buffers:          783596 kB
Cached:          1797696 kB
SwapCached:        24508 kB
Active:         12707892 kB
Inactive:        2364020 kB
Active(anon):   11739016 kB
Inactive(anon):  1497948 kB
Active(file):     968876 kB
Inactive(file):   866072 kB
Unevictable:         496 kB
Mlocked:             496 kB
SwapTotal:       2097148 kB
SwapFree:          74812 kB
Dirty:               960 kB
Writeback:            68 kB
AnonPages:      12466580 kB
Mapped:           548404 kB
Shmem:            746336 kB
Slab:             332036 kB
SReclaimable:     157340 kB
SUnreclaim:       174696 kB
KernelStack:       26512 kB
PageTables:       143988 kB
NFS_Unstable:          0 kB
Bounce:                0 kB
WritebackTmp:          0 kB
CommitLimit:    10158576 kB
Committed_AS:   28186004 kB
VmallocTotal:   34359738367 kB
VmallocUsed:           0 kB
VmallocChunk:          0 kB
HardwareCorrupted:     0 kB
AnonHugePages:         0 kB
ShmemHugePages:        0 kB
ShmemPmdMapped:        0 kB
CmaTotal:              0 kB
CmaFree:               0 kB
HugePages_Total:       0
HugePages_Free:        0
HugePages_Rsvd:        0
HugePages_Surp:        0
Hugepagesize:       2048 kB
DirectMap4k:     1083296 kB
DirectMap2M:    15388672 kB
DirectMap1G:     1048576 kB


CPU:total 4 (initial active 4) (2 cores per cpu, 2 threads per core) family 6 model 78 stepping 3, cmov, cx8, fxsr, mmx, sse, sse2, sse3, ssse3, sse4.1, sse4.2, popcnt, avx, avx2, aes, clmul, erms, 3dnowpref, lzcnt, ht, tsc, tscinvbit, bmi1, bmi2, adx

/proc/cpuinfo:
processor	: 0
vendor_id	: GenuineIntel
cpu family	: 6
model		: 78
model name	: Intel(R) Core(TM) i7-6500U CPU @ 2.50GHz
stepping	: 3
microcode	: 0xc6
cpu MHz		: 2800.002
cache size	: 4096 KB
physical id	: 0
siblings	: 4
core id		: 0
cpu cores	: 2
apicid		: 0
initial apicid	: 0
fpu		: yes
fpu_exception	: yes
cpuid level	: 22
wp		: yes
flags		: fpu vme de pse tsc msr pae mce cx8 apic sep mtrr pge mca cmov pat pse36 clflush dts acpi mmx fxsr sse sse2 ss ht tm pbe syscall nx pdpe1gb rdtscp lm constant_tsc art arch_perfmon pebs bts rep_good nopl xtopology nonstop_tsc cpuid aperfmperf tsc_known_freq pni pclmulqdq dtes64 monitor ds_cpl vmx est tm2 ssse3 sdbg fma cx16 xtpr pdcm pcid sse4_1 sse4_2 x2apic movbe popcnt tsc_deadline_timer aes xsave avx f16c rdrand lahf_lm abm 3dnowprefetch cpuid_fault epb invpcid_single pti ssbd ibrs ibpb stibp tpr_shadow vnmi flexpriority ept vpid fsgsbase tsc_adjust bmi1 avx2 smep bmi2 erms invpcid mpx rdseed adx smap clflushopt intel_pt xsaveopt xsavec xgetbv1 xsaves dtherm ida arat pln pts hwp hwp_notify hwp_act_window hwp_epp flush_l1d
bugs		: cpu_meltdown spectre_v1 spectre_v2 spec_store_bypass l1tf
bogomips	: 5184.00
clflush size	: 64
cache_alignment	: 64
address sizes	: 39 bits physical, 48 bits virtual
power management:

processor	: 1
vendor_id	: GenuineIntel
cpu family	: 6
model		: 78
model name	: Intel(R) Core(TM) i7-6500U CPU @ 2.50GHz
stepping	: 3
microcode	: 0xc6
cpu MHz		: 2800.000
cache size	: 4096 KB
physical id	: 0
siblings	: 4
core id		: 1
cpu cores	: 2
apicid		: 2
initial apicid	: 2
fpu		: yes
fpu_exception	: yes
cpuid level	: 22
wp		: yes
flags		: fpu vme de pse tsc msr pae mce cx8 apic sep mtrr pge mca cmov pat pse36 clflush dts acpi mmx fxsr sse sse2 ss ht tm pbe syscall nx pdpe1gb rdtscp lm constant_tsc art arch_perfmon pebs bts rep_good nopl xtopology nonstop_tsc cpuid aperfmperf tsc_known_freq pni pclmulqdq dtes64 monitor ds_cpl vmx est tm2 ssse3 sdbg fma cx16 xtpr pdcm pcid sse4_1 sse4_2 x2apic movbe popcnt tsc_deadline_timer aes xsave avx f16c rdrand lahf_lm abm 3dnowprefetch cpuid_fault epb invpcid_single pti ssbd ibrs ibpb stibp tpr_shadow vnmi flexpriority ept vpid fsgsbase tsc_adjust bmi1 avx2 smep bmi2 erms invpcid mpx rdseed adx smap clflushopt intel_pt xsaveopt xsavec xgetbv1 xsaves dtherm ida arat pln pts hwp hwp_notify hwp_act_window hwp_epp flush_l1d
bugs		: cpu_meltdown spectre_v1 spectre_v2 spec_store_bypass l1tf
bogomips	: 5184.00
clflush size	: 64
cache_alignment	: 64
address sizes	: 39 bits physical, 48 bits virtual
power management:

processor	: 2
vendor_id	: GenuineIntel
cpu family	: 6
model		: 78
model name	: Intel(R) Core(TM) i7-6500U CPU @ 2.50GHz
stepping	: 3
microcode	: 0xc6
cpu MHz		: 2800.001
cache size	: 4096 KB
physical id	: 0
siblings	: 4
core id		: 0
cpu cores	: 2
apicid		: 1
initial apicid	: 1
fpu		: yes
fpu_exception	: yes
cpuid level	: 22
wp		: yes
flags		: fpu vme de pse tsc msr pae mce cx8 apic sep mtrr pge mca cmov pat pse36 clflush dts acpi mmx fxsr sse sse2 ss ht tm pbe syscall nx pdpe1gb rdtscp lm constant_tsc art arch_perfmon pebs bts rep_good nopl xtopology nonstop_tsc cpuid aperfmperf tsc_known_freq pni pclmulqdq dtes64 monitor ds_cpl vmx est tm2 ssse3 sdbg fma cx16 xtpr pdcm pcid sse4_1 sse4_2 x2apic movbe popcnt tsc_deadline_timer aes xsave avx f16c rdrand lahf_lm abm 3dnowprefetch cpuid_fault epb invpcid_single pti ssbd ibrs ibpb stibp tpr_shadow vnmi flexpriority ept vpid fsgsbase tsc_adjust bmi1 avx2 smep bmi2 erms invpcid mpx rdseed adx smap clflushopt intel_pt xsaveopt xsavec xgetbv1 xsaves dtherm ida arat pln pts hwp hwp_notify hwp_act_window hwp_epp flush_l1d
bugs		: cpu_meltdown spectre_v1 spectre_v2 spec_store_bypass l1tf
bogomips	: 5184.00
clflush size	: 64
cache_alignment	: 64
address sizes	: 39 bits physical, 48 bits virtual
power management:

processor	: 3
vendor_id	: GenuineIntel
cpu family	: 6
model		: 78
model name	: Intel(R) Core(TM) i7-6500U CPU @ 2.50GHz
stepping	: 3
microcode	: 0xc6
cpu MHz		: 2800.000
cache size	: 4096 KB
physical id	: 0
siblings	: 4
core id		: 1
cpu cores	: 2
apicid		: 3
initial apicid	: 3
fpu		: yes
fpu_exception	: yes
cpuid level	: 22
wp		: yes
flags		: fpu vme de pse tsc msr pae mce cx8 apic sep mtrr pge mca cmov pat pse36 clflush dts acpi mmx fxsr sse sse2 ss ht tm pbe syscall nx pdpe1gb rdtscp lm constant_tsc art arch_perfmon pebs bts rep_good nopl xtopology nonstop_tsc cpuid aperfmperf tsc_known_freq pni pclmulqdq dtes64 monitor ds_cpl vmx est tm2 ssse3 sdbg fma cx16 xtpr pdcm pcid sse4_1 sse4_2 x2apic movbe popcnt tsc_deadline_timer aes xsave avx f16c rdrand lahf_lm abm 3dnowprefetch cpuid_fault epb invpcid_single pti ssbd ibrs ibpb stibp tpr_shadow vnmi flexpriority ept vpid fsgsbase tsc_adjust bmi1 avx2 smep bmi2 erms invpcid mpx rdseed adx smap clflushopt intel_pt xsaveopt xsavec xgetbv1 xsaves dtherm ida arat pln pts hwp hwp_notify hwp_act_window hwp_epp flush_l1d
bugs		: cpu_meltdown spectre_v1 spectre_v2 spec_store_bypass l1tf
bogomips	: 5184.00
clflush size	: 64
cache_alignment	: 64
address sizes	: 39 bits physical, 48 bits virtual
power management:



Memory: 4k page, physical 16122860k(369960k free), swap 2097148k(74812k free)

vm_info: Java HotSpot(TM) 64-Bit Server VM (25.181-b13) for linux-amd64 JRE (1.8.0_181-b13), built on Jul  7 2018 00:56:38 by "java_re" with gcc 4.3.0 20080428 (Red Hat 4.3.0-8)

time: Tue May  7 11:29:35 2019
elapsed time: 348955 seconds (4d 0h 55m 55s)

